<?xml version="1.0" encoding="UTF-8"?>
<testsuite xmlns:xsi="http://www.w3.org/2001/XMLSchema-instance" xsi:noNamespaceSchemaLocation="https://maven.apache.org/surefire/maven-surefire-plugin/xsd/surefire-test-report.xsd" version="3.0.2" name="gr.hua.dit.ds.housingsystem.repositories.RentalRequestRepositoryTest" time="16.896" tests="1" errors="0" skipped="0" failures="0">
  <properties>
[...]
</properties>
  <testcase name="testSaveAndFindRentalRequests" classname="gr.hua.dit.ds.housingsystem.repositories.RentalRequestRepositoryTest" time="2.126">
    <system-out><![CDATA[19:35:00.222 [main] INFO org.springframework.test.context.support.AnnotationConfigContextLoaderUtils -- Could not detect default configuration classes for test class [gr.hua.dit.ds.housingsystem.repositories.RentalRequestRepositoryTest]: RentalRequestRepositoryTest does not declare any static, non-private, non-final, nested classes annotated with @Configuration.
19:35:00.308 [main] INFO org.springframework.boot.test.context.SpringBootTestContextBootstrapper -- Found @SpringBootConfiguration gr.hua.dit.ds.housingsystem.HousingsystemApplication for test class gr.hua.dit.ds.housingsystem.repositories.RentalRequestRepositoryTest
19:35:00.383 [main] INFO org.springframework.boot.devtools.restart.RestartApplicationListener -- Restart disabled due to context in which it is running

  .   ____          _            __ _ _
 /\\ / ___'_ __ _ _(_)_ __  __ _ \ \ \ \
( ( )\___ | '_ | '_| | '_ \/ _` | \ \ \ \
 \\/  ___)| |_)| | | | | || (_| |  ) ) ) )
  '  |____| .__|_| |_|_| |_\__, | / / / /
 =========|_|==============|___/=/_/_/_/

 :: Spring Boot ::                (v3.4.0)

2024-12-28T19:35:00.507+02:00 DEBUG 32256 --- [housingsystem] [kground-preinit] o.h.v.i.xml.config.ValidationXmlParser   : Trying to load META-INF/validation.xml for XML based Validator configuration.
2024-12-28T19:35:00.508+02:00 DEBUG 32256 --- [housingsystem] [kground-preinit] o.h.v.i.xml.config.ResourceLoaderHelper  : Trying to load META-INF/validation.xml via TCCL
2024-12-28T19:35:00.508+02:00 DEBUG 32256 --- [housingsystem] [kground-preinit] o.h.v.i.xml.config.ResourceLoaderHelper  : Trying to load META-INF/validation.xml via Hibernate Validator's class loader
2024-12-28T19:35:00.508+02:00 DEBUG 32256 --- [housingsystem] [kground-preinit] o.h.v.i.xml.config.ValidationXmlParser   : No META-INF/validation.xml found. Using annotation based configuration only.
2024-12-28T19:35:00.511+02:00 DEBUG 32256 --- [housingsystem] [kground-preinit] o.h.v.i.e.resolver.TraversableResolvers  : Found jakarta.persistence.Persistence on classpath containing 'getPersistenceUtil'. Assuming JPA 2 environment. Trying to instantiate JPA aware TraversableResolver
2024-12-28T19:35:00.511+02:00 DEBUG 32256 --- [housingsystem] [kground-preinit] o.h.v.i.e.resolver.TraversableResolvers  : Instantiated JPA aware TraversableResolver of type org.hibernate.validator.internal.engine.resolver.JPATraversableResolver.
2024-12-28T19:35:00.523+02:00 DEBUG 32256 --- [housingsystem] [kground-preinit] .h.v.m.ResourceBundleMessageInterpolator : Loaded expression factory via original TCCL
2024-12-28T19:35:00.524+02:00  INFO 32256 --- [housingsystem] [           main] g.h.d.d.h.r.RentalRequestRepositoryTest  : Starting RentalRequestRepositoryTest using Java 21.0.5 with PID 32256 (started by alexj in /home/alexj/Desktop/housingsystem)
2024-12-28T19:35:00.524+02:00  INFO 32256 --- [housingsystem] [           main] g.h.d.d.h.r.RentalRequestRepositoryTest  : No active profile set, falling back to 1 default profile: "default"
2024-12-28T19:35:00.525+02:00 DEBUG 32256 --- [housingsystem] [           main] o.s.boot.SpringApplication               : Loading source class gr.hua.dit.ds.housingsystem.HousingsystemApplication
2024-12-28T19:35:00.540+02:00 DEBUG 32256 --- [housingsystem] [           main] o.s.w.c.s.GenericWebApplicationContext   : Refreshing org.springframework.web.context.support.GenericWebApplicationContext@721eb7df
2024-12-28T19:35:00.549+02:00 DEBUG 32256 --- [housingsystem] [           main] o.s.b.f.s.DefaultListableBeanFactory     : Creating shared instance of singleton bean 'org.springframework.context.annotation.internalConfigurationAnnotationProcessor'
2024-12-28T19:35:00.557+02:00 DEBUG 32256 --- [housingsystem] [           main] o.s.b.f.s.DefaultListableBeanFactory     : Creating shared instance of singleton bean 'org.springframework.boot.autoconfigure.internalCachingMetadataReaderFactory'
2024-12-28T19:35:00.561+02:00 DEBUG 32256 --- [housingsystem] [kground-preinit] .i.e.ValidatorFactoryConfigurationHelper : HV000252: Using org.hibernate.validator.internal.engine.DefaultPropertyNodeNameProvider as property node name provider.
2024-12-28T19:35:00.564+02:00 DEBUG 32256 --- [housingsystem] [kground-preinit] .i.e.ValidatorFactoryConfigurationHelper : HV000234: Using org.hibernate.validator.messageinterpolation.ResourceBundleMessageInterpolator as ValidatorFactory-scoped message interpolator.
2024-12-28T19:35:00.564+02:00 DEBUG 32256 --- [housingsystem] [kground-preinit] .i.e.ValidatorFactoryConfigurationHelper : HV000234: Using org.hibernate.validator.internal.engine.resolver.JPATraversableResolver as ValidatorFactory-scoped traversable resolver.
2024-12-28T19:35:00.564+02:00 DEBUG 32256 --- [housingsystem] [kground-preinit] .i.e.ValidatorFactoryConfigurationHelper : HV000234: Using org.hibernate.validator.internal.util.ExecutableParameterNameProvider as ValidatorFactory-scoped parameter name provider.
2024-12-28T19:35:00.564+02:00 DEBUG 32256 --- [housingsystem] [kground-preinit] .i.e.ValidatorFactoryConfigurationHelper : HV000234: Using org.hibernate.validator.internal.engine.DefaultClockProvider as ValidatorFactory-scoped clock provider.
2024-12-28T19:35:00.565+02:00 DEBUG 32256 --- [housingsystem] [kground-preinit] .i.e.ValidatorFactoryConfigurationHelper : HV000234: Using org.hibernate.validator.internal.engine.scripting.DefaultScriptEvaluatorFactory as ValidatorFactory-scoped script evaluator factory.
2024-12-28T19:35:00.586+02:00 DEBUG 32256 --- [housingsystem] [           main] o.s.c.a.ClassPathBeanDefinitionScanner   : Identified candidate component class: file [/home/alexj/Desktop/housingsystem/target/classes/gr/hua/dit/ds/housingsystem/controllers/AppUserController.class]
2024-12-28T19:35:00.588+02:00 DEBUG 32256 --- [housingsystem] [           main] o.s.c.a.ClassPathBeanDefinitionScanner   : Ignored because not a concrete top-level class: file [/home/alexj/Desktop/housingsystem/target/classes/gr/hua/dit/ds/housingsystem/repositories/AppUserRepository.class]
2024-12-28T19:35:00.589+02:00 DEBUG 32256 --- [housingsystem] [           main] o.s.c.a.ClassPathBeanDefinitionScanner   : Ignored because not a concrete top-level class: file [/home/alexj/Desktop/housingsystem/target/classes/gr/hua/dit/ds/housingsystem/repositories/AvailabilitySlotRepository.class]
2024-12-28T19:35:00.589+02:00 DEBUG 32256 --- [housingsystem] [           main] o.s.c.a.ClassPathBeanDefinitionScanner   : Ignored because not a concrete top-level class: file [/home/alexj/Desktop/housingsystem/target/classes/gr/hua/dit/ds/housingsystem/repositories/PhotoRepository.class]
2024-12-28T19:35:00.589+02:00 DEBUG 32256 --- [housingsystem] [           main] o.s.c.a.ClassPathBeanDefinitionScanner   : Ignored because not a concrete top-level class: file [/home/alexj/Desktop/housingsystem/target/classes/gr/hua/dit/ds/housingsystem/repositories/PropertyRepository.class]
2024-12-28T19:35:00.589+02:00 DEBUG 32256 --- [housingsystem] [           main] o.s.c.a.ClassPathBeanDefinitionScanner   : Ignored because not a concrete top-level class: file [/home/alexj/Desktop/housingsystem/target/classes/gr/hua/dit/ds/housingsystem/repositories/RentalRequestRepository.class]
2024-12-28T19:35:00.590+02:00 DEBUG 32256 --- [housingsystem] [           main] o.s.c.a.ClassPathBeanDefinitionScanner   : Ignored because not a concrete top-level class: file [/home/alexj/Desktop/housingsystem/target/classes/gr/hua/dit/ds/housingsystem/repositories/ViewingRequestRepository.class]
2024-12-28T19:35:00.591+02:00 DEBUG 32256 --- [housingsystem] [           main] o.s.c.a.ClassPathBeanDefinitionScanner   : Identified candidate component class: file [/home/alexj/Desktop/housingsystem/target/classes/gr/hua/dit/ds/housingsystem/security/WebConfig.class]
2024-12-28T19:35:00.592+02:00 DEBUG 32256 --- [housingsystem] [           main] o.s.c.a.ClassPathBeanDefinitionScanner   : Identified candidate component class: file [/home/alexj/Desktop/housingsystem/target/classes/gr/hua/dit/ds/housingsystem/services/AdminService.class]
2024-12-28T19:35:00.592+02:00 DEBUG 32256 --- [housingsystem] [           main] o.s.c.a.ClassPathBeanDefinitionScanner   : Identified candidate component class: file [/home/alexj/Desktop/housingsystem/target/classes/gr/hua/dit/ds/housingsystem/services/AppUserService.class]
2024-12-28T19:35:00.592+02:00 DEBUG 32256 --- [housingsystem] [           main] o.s.c.a.ClassPathBeanDefinitionScanner   : Identified candidate component class: file [/home/alexj/Desktop/housingsystem/target/classes/gr/hua/dit/ds/housingsystem/services/AppUserServiceImpl.class]
2024-12-28T19:35:00.593+02:00 DEBUG 32256 --- [housingsystem] [           main] o.s.c.a.ClassPathBeanDefinitionScanner   : Identified candidate component class: file [/home/alexj/Desktop/housingsystem/target/classes/gr/hua/dit/ds/housingsystem/services/OwnerServiceImpl.class]
2024-12-28T19:35:00.593+02:00 DEBUG 32256 --- [housingsystem] [           main] o.s.c.a.ClassPathBeanDefinitionScanner   : Identified candidate component class: file [/home/alexj/Desktop/housingsystem/target/classes/gr/hua/dit/ds/housingsystem/services/PhotoService.class]
2024-12-28T19:35:00.593+02:00 DEBUG 32256 --- [housingsystem] [           main] o.s.c.a.ClassPathBeanDefinitionScanner   : Identified candidate component class: file [/home/alexj/Desktop/housingsystem/target/classes/gr/hua/dit/ds/housingsystem/services/PropertyService.class]
2024-12-28T19:35:00.594+02:00 DEBUG 32256 --- [housingsystem] [           main] o.s.c.a.ClassPathBeanDefinitionScanner   : Identified candidate component class: file [/home/alexj/Desktop/housingsystem/target/classes/gr/hua/dit/ds/housingsystem/services/RentalRequestService.class]
2024-12-28T19:35:00.594+02:00 DEBUG 32256 --- [housingsystem] [           main] o.s.c.a.ClassPathBeanDefinitionScanner   : Identified candidate component class: file [/home/alexj/Desktop/housingsystem/target/classes/gr/hua/dit/ds/housingsystem/services/TenantServiceImpl.class]
2024-12-28T19:35:00.908+02:00  INFO 32256 --- [housingsystem] [           main] .s.d.r.c.RepositoryConfigurationDelegate : Bootstrapping Spring Data JPA repositories in DEFAULT mode.
2024-12-28T19:35:00.913+02:00 DEBUG 32256 --- [housingsystem] [           main] o.s.b.f.s.DefaultListableBeanFactory     : Creating shared instance of singleton bean 'org.springframework.boot.autoconfigure.AutoConfigurationPackages'
2024-12-28T19:35:00.917+02:00 DEBUG 32256 --- [housingsystem] [           main] o.s.b.a.AutoConfigurationPackages        : @EnableAutoConfiguration was declared on a class in the package 'gr.hua.dit.ds.housingsystem'. Automatic @Repository and @Entity scanning is enabled.
2024-12-28T19:35:00.917+02:00 DEBUG 32256 --- [housingsystem] [           main] .s.d.r.c.RepositoryConfigurationDelegate : Scanning for JPA repositories in packages gr.hua.dit.ds.housingsystem.
2024-12-28T19:35:00.923+02:00 DEBUG 32256 --- [housingsystem] [           main] o.s.d.r.c.RepositoryComponentProvider    : Identified candidate component class: file [/home/alexj/Desktop/housingsystem/target/classes/gr/hua/dit/ds/housingsystem/repositories/AppUserRepository.class]
2024-12-28T19:35:00.923+02:00 DEBUG 32256 --- [housingsystem] [           main] o.s.d.r.c.RepositoryComponentProvider    : Identified candidate component class: file [/home/alexj/Desktop/housingsystem/target/classes/gr/hua/dit/ds/housingsystem/repositories/AvailabilitySlotRepository.class]
2024-12-28T19:35:00.924+02:00 DEBUG 32256 --- [housingsystem] [           main] o.s.d.r.c.RepositoryComponentProvider    : Identified candidate component class: file [/home/alexj/Desktop/housingsystem/target/classes/gr/hua/dit/ds/housingsystem/repositories/PhotoRepository.class]
2024-12-28T19:35:00.924+02:00 DEBUG 32256 --- [housingsystem] [           main] o.s.d.r.c.RepositoryComponentProvider    : Identified candidate component class: file [/home/alexj/Desktop/housingsystem/target/classes/gr/hua/dit/ds/housingsystem/repositories/PropertyRepository.class]
2024-12-28T19:35:00.924+02:00 DEBUG 32256 --- [housingsystem] [           main] o.s.d.r.c.RepositoryComponentProvider    : Identified candidate component class: file [/home/alexj/Desktop/housingsystem/target/classes/gr/hua/dit/ds/housingsystem/repositories/RentalRequestRepository.class]
2024-12-28T19:35:00.924+02:00 DEBUG 32256 --- [housingsystem] [           main] o.s.d.r.c.RepositoryComponentProvider    : Identified candidate component class: file [/home/alexj/Desktop/housingsystem/target/classes/gr/hua/dit/ds/housingsystem/repositories/ViewingRequestRepository.class]
2024-12-28T19:35:00.937+02:00 DEBUG 32256 --- [housingsystem] [           main] ssPathScanningCandidateComponentProvider : Identified candidate component class: file [/home/alexj/Desktop/housingsystem/target/classes/gr/hua/dit/ds/housingsystem/services/AppUserServiceImpl.class]
2024-12-28T19:35:00.937+02:00 DEBUG 32256 --- [housingsystem] [           main] ssPathScanningCandidateComponentProvider : Identified candidate component class: file [/home/alexj/Desktop/housingsystem/target/classes/gr/hua/dit/ds/housingsystem/services/OwnerServiceImpl.class]
2024-12-28T19:35:00.938+02:00 DEBUG 32256 --- [housingsystem] [           main] ssPathScanningCandidateComponentProvider : Identified candidate component class: file [/home/alexj/Desktop/housingsystem/target/classes/gr/hua/dit/ds/housingsystem/services/TenantServiceImpl.class]
2024-12-28T19:35:00.945+02:00  INFO 32256 --- [housingsystem] [           main] .s.d.r.c.RepositoryConfigurationDelegate : Finished Spring Data repository scanning in 27 ms. Found 6 JPA repository interfaces.
2024-12-28T19:35:01.024+02:00 DEBUG 32256 --- [housingsystem] [           main] o.s.b.f.s.DefaultListableBeanFactory     : Creating shared instance of singleton bean 'springSecurityHandlerMappingIntrospectorBeanDefinitionRegistryPostProcessor'
2024-12-28T19:35:01.061+02:00 DEBUG 32256 --- [housingsystem] [           main] o.s.b.f.s.DefaultListableBeanFactory     : Creating shared instance of singleton bean 'propertySourcesPlaceholderConfigurer'
2024-12-28T19:35:01.064+02:00 DEBUG 32256 --- [housingsystem] [           main] o.s.b.f.s.DefaultListableBeanFactory     : Creating shared instance of singleton bean 'org.springframework.boot.test.mock.mockito.MockitoPostProcessor'
2024-12-28T19:35:01.065+02:00 DEBUG 32256 --- [housingsystem] [           main] o.s.b.f.s.DefaultListableBeanFactory     : Creating shared instance of singleton bean 'emBeanDefinitionRegistrarPostProcessor'
2024-12-28T19:35:01.066+02:00 DEBUG 32256 --- [housingsystem] [           main] o.s.b.f.s.DefaultListableBeanFactory     : Creating shared instance of singleton bean 'org.springframework.boot.sql.init.dependency.DatabaseInitializationDependencyConfigurer$DependsOnDatabaseInitializationPostProcessor'
2024-12-28T19:35:01.089+02:00 DEBUG 32256 --- [housingsystem] [           main] o.s.b.f.s.DefaultListableBeanFactory     : Creating shared instance of singleton bean 'org.springframework.context.event.internalEventListenerProcessor'
2024-12-28T19:35:01.090+02:00 DEBUG 32256 --- [housingsystem] [           main] o.s.b.f.s.DefaultListableBeanFactory     : Creating shared instance of singleton bean 'preserveErrorControllerTargetClassPostProcessor'
2024-12-28T19:35:01.090+02:00 DEBUG 32256 --- [housingsystem] [           main] o.s.b.f.s.DefaultListableBeanFactory     : Creating shared instance of singleton bean 'conversionServicePostProcessor'
2024-12-28T19:35:01.094+02:00 DEBUG 32256 --- [housingsystem] [           main] o.s.b.f.s.DefaultListableBeanFactory     : Creating shared instance of singleton bean 'org.springframework.context.event.internalEventListenerFactory'
2024-12-28T19:35:01.094+02:00 DEBUG 32256 --- [housingsystem] [           main] o.s.b.f.s.DefaultListableBeanFactory     : Creating shared instance of singleton bean 'org.springframework.transaction.config.internalTransactionalEventListenerFactory'
2024-12-28T19:35:01.097+02:00 DEBUG 32256 --- [housingsystem] [           main] o.s.b.f.s.DefaultListableBeanFactory     : Creating shared instance of singleton bean 'org.springframework.boot.test.mock.mockito.MockitoPostProcessor$SpyPostProcessor'
2024-12-28T19:35:01.097+02:00 DEBUG 32256 --- [housingsystem] [           main] o.s.b.f.s.DefaultListableBeanFactory     : Creating shared instance of singleton bean 'org.springframework.context.annotation.internalAutowiredAnnotationProcessor'
2024-12-28T19:35:01.098+02:00 DEBUG 32256 --- [housingsystem] [           main] o.s.b.f.s.DefaultListableBeanFactory     : Creating shared instance of singleton bean 'org.springframework.context.annotation.internalCommonAnnotationProcessor'
2024-12-28T19:35:01.100+02:00 DEBUG 32256 --- [housingsystem] [           main] o.s.b.f.s.DefaultListableBeanFactory     : Creating shared instance of singleton bean 'org.springframework.context.annotation.internalPersistenceAnnotationProcessor'
2024-12-28T19:35:01.100+02:00 DEBUG 32256 --- [housingsystem] [           main] o.s.b.f.s.DefaultListableBeanFactory     : Creating shared instance of singleton bean 'org.springframework.boot.context.properties.ConfigurationPropertiesBindingPostProcessor'
2024-12-28T19:35:01.100+02:00 DEBUG 32256 --- [housingsystem] [           main] o.s.b.f.s.DefaultListableBeanFactory     : Creating shared instance of singleton bean 'org.springframework.boot.context.internalConfigurationPropertiesBinder'
2024-12-28T19:35:01.102+02:00 DEBUG 32256 --- [housingsystem] [           main] o.s.b.f.s.DefaultListableBeanFactory     : Creating shared instance of singleton bean 'jdbcConnectionDetailsHikariBeanPostProcessor'
2024-12-28T19:35:01.103+02:00 DEBUG 32256 --- [housingsystem] [           main] o.s.b.f.s.DefaultListableBeanFactory     : Creating shared instance of singleton bean 'methodValidationPostProcessor'
2024-12-28T19:35:01.104+02:00 DEBUG 32256 --- [housingsystem] [           main] o.s.b.f.s.DefaultListableBeanFactory     : Autowiring by type from bean name 'methodValidationPostProcessor' via factory method to bean named 'environment'
2024-12-28T19:35:01.115+02:00 DEBUG 32256 --- [housingsystem] [           main] o.s.b.f.s.DefaultListableBeanFactory     : Creating shared instance of singleton bean 'org.springframework.boot.context.properties.EnableConfigurationPropertiesRegistrar.methodValidationExcludeFilter'
2024-12-28T19:35:01.124+02:00 DEBUG 32256 --- [housingsystem] [           main] o.s.b.f.s.DefaultListableBeanFactory     : Creating shared instance of singleton bean 'org.springframework.aop.config.internalAutoProxyCreator'
2024-12-28T19:35:01.131+02:00 DEBUG 32256 --- [housingsystem] [           main] o.s.b.f.s.DefaultListableBeanFactory     : Creating shared instance of singleton bean 'persistenceExceptionTranslationPostProcessor'
2024-12-28T19:35:01.132+02:00 DEBUG 32256 --- [housingsystem] [           main] o.s.b.f.s.DefaultListableBeanFactory     : Autowiring by type from bean name 'persistenceExceptionTranslationPostProcessor' via factory method to bean named 'environment'
2024-12-28T19:35:01.133+02:00 DEBUG 32256 --- [housingsystem] [           main] o.s.b.f.s.DefaultListableBeanFactory     : Creating shared instance of singleton bean 'webServerFactoryCustomizerBeanPostProcessor'
2024-12-28T19:35:01.133+02:00 DEBUG 32256 --- [housingsystem] [           main] o.s.b.f.s.DefaultListableBeanFactory     : Creating shared instance of singleton bean 'errorPageRegistrarBeanPostProcessor'
2024-12-28T19:35:01.134+02:00 DEBUG 32256 --- [housingsystem] [           main] o.s.b.f.s.DefaultListableBeanFactory     : Creating shared instance of singleton bean 'projectingArgumentResolverBeanPostProcessor'
2024-12-28T19:35:01.135+02:00 DEBUG 32256 --- [housingsystem] [           main] o.s.b.f.s.DefaultListableBeanFactory     : Creating shared instance of singleton bean 'org.springframework.transaction.config.internalTransactionAdvisor'
2024-12-28T19:35:01.135+02:00 DEBUG 32256 --- [housingsystem] [           main] o.s.b.f.s.DefaultListableBeanFactory     : Creating shared instance of singleton bean 'org.springframework.transaction.annotation.ProxyTransactionManagementConfiguration'
2024-12-28T19:35:01.141+02:00 DEBUG 32256 --- [housingsystem] [           main] o.s.b.f.s.DefaultListableBeanFactory     : Creating shared instance of singleton bean 'transactionAttributeSource'
2024-12-28T19:35:01.142+02:00 DEBUG 32256 --- [housingsystem] [           main] o.s.b.f.s.DefaultListableBeanFactory     : Creating shared instance of singleton bean 'transactionInterceptor'
2024-12-28T19:35:01.142+02:00 DEBUG 32256 --- [housingsystem] [           main] o.s.b.f.s.DefaultListableBeanFactory     : Autowiring by type from bean name 'transactionInterceptor' via factory method to bean named 'transactionAttributeSource'
2024-12-28T19:35:01.144+02:00 DEBUG 32256 --- [housingsystem] [           main] o.s.b.f.s.DefaultListableBeanFactory     : Autowiring by type from bean name 'org.springframework.transaction.config.internalTransactionAdvisor' via factory method to bean named 'transactionAttributeSource'
2024-12-28T19:35:01.145+02:00 DEBUG 32256 --- [housingsystem] [           main] o.s.b.f.s.DefaultListableBeanFactory     : Autowiring by type from bean name 'org.springframework.transaction.config.internalTransactionAdvisor' via factory method to bean named 'transactionInterceptor'
2024-12-28T19:35:01.155+02:00 DEBUG 32256 --- [housingsystem] [           main] o.s.u.c.s.UiApplicationContextUtils      : Unable to locate ThemeSource with name 'themeSource': using default [org.springframework.ui.context.support.ResourceBundleThemeSource@9b23822]
2024-12-28T19:35:01.156+02:00 DEBUG 32256 --- [housingsystem] [           main] o.s.b.f.s.DefaultListableBeanFactory     : Creating shared instance of singleton bean 'org.springframework.test.context.support.internalDynamicPropertyRegistrarBeanInitializer'
2024-12-28T19:35:01.158+02:00 DEBUG 32256 --- [housingsystem] [           main] o.s.b.f.s.DefaultListableBeanFactory     : Creating shared instance of singleton bean 'dataSourceScriptDatabaseInitializer'
2024-12-28T19:35:01.159+02:00 DEBUG 32256 --- [housingsystem] [           main] o.s.b.f.s.DefaultListableBeanFactory     : Creating shared instance of singleton bean 'org.springframework.boot.autoconfigure.sql.init.DataSourceInitializationConfiguration'
2024-12-28T19:35:01.159+02:00 DEBUG 32256 --- [housingsystem] [           main] o.s.b.f.s.DefaultListableBeanFactory     : Creating shared instance of singleton bean 'dataSource'
2024-12-28T19:35:01.159+02:00 DEBUG 32256 --- [housingsystem] [           main] o.s.b.f.s.DefaultListableBeanFactory     : Creating shared instance of singleton bean 'org.springframework.boot.autoconfigure.jdbc.DataSourceConfiguration$Hikari'
2024-12-28T19:35:01.160+02:00 DEBUG 32256 --- [housingsystem] [           main] o.s.b.f.s.DefaultListableBeanFactory     : Creating shared instance of singleton bean 'spring.datasource-org.springframework.boot.autoconfigure.jdbc.DataSourceProperties'
2024-12-28T19:35:01.161+02:00 DEBUG 32256 --- [housingsystem] [           main] o.s.b.f.s.DefaultListableBeanFactory     : Creating shared instance of singleton bean 'org.springframework.boot.context.properties.BoundConfigurationProperties'
2024-12-28T19:35:01.170+02:00 DEBUG 32256 --- [housingsystem] [           main] o.s.b.f.s.DefaultListableBeanFactory     : Creating shared instance of singleton bean 'jdbcConnectionDetails'
2024-12-28T19:35:01.170+02:00 DEBUG 32256 --- [housingsystem] [           main] o.s.b.f.s.DefaultListableBeanFactory     : Creating shared instance of singleton bean 'org.springframework.boot.autoconfigure.jdbc.DataSourceAutoConfiguration$PooledDataSourceConfiguration'
2024-12-28T19:35:01.171+02:00 DEBUG 32256 --- [housingsystem] [           main] o.s.b.f.s.DefaultListableBeanFactory     : Autowiring by type from bean name 'jdbcConnectionDetails' via factory method to bean named 'spring.datasource-org.springframework.boot.autoconfigure.jdbc.DataSourceProperties'
2024-12-28T19:35:01.172+02:00 DEBUG 32256 --- [housingsystem] [           main] o.s.b.f.s.DefaultListableBeanFactory     : Autowiring by type from bean name 'dataSource' via factory method to bean named 'spring.datasource-org.springframework.boot.autoconfigure.jdbc.DataSourceProperties'
2024-12-28T19:35:01.172+02:00 DEBUG 32256 --- [housingsystem] [           main] o.s.b.f.s.DefaultListableBeanFactory     : Autowiring by type from bean name 'dataSource' via factory method to bean named 'jdbcConnectionDetails'
2024-12-28T19:35:01.198+02:00 DEBUG 32256 --- [housingsystem] [           main] o.s.b.f.s.DefaultListableBeanFactory     : Creating shared instance of singleton bean 'spring.sql.init-org.springframework.boot.autoconfigure.sql.init.SqlInitializationProperties'
2024-12-28T19:35:01.201+02:00 DEBUG 32256 --- [housingsystem] [           main] o.s.b.f.s.DefaultListableBeanFactory     : Autowiring by type from bean name 'dataSourceScriptDatabaseInitializer' via factory method to bean named 'dataSource'
2024-12-28T19:35:01.201+02:00 DEBUG 32256 --- [housingsystem] [           main] o.s.b.f.s.DefaultListableBeanFactory     : Autowiring by type from bean name 'dataSourceScriptDatabaseInitializer' via factory method to bean named 'spring.sql.init-org.springframework.boot.autoconfigure.sql.init.SqlInitializationProperties'
2024-12-28T19:35:01.207+02:00 DEBUG 32256 --- [housingsystem] [           main] o.s.jdbc.datasource.DataSourceUtils      : Fetching JDBC Connection from DataSource
2024-12-28T19:35:01.208+02:00  WARN 32256 --- [housingsystem] [           main] com.zaxxer.hikari.HikariConfig           : HikariPool-1 - idleTimeout has been set but has no effect because the pool is operating as a fixed size pool.
2024-12-28T19:35:01.208+02:00  INFO 32256 --- [housingsystem] [           main] com.zaxxer.hikari.HikariDataSource       : HikariPool-1 - Starting...
2024-12-28T19:35:02.967+02:00  INFO 32256 --- [housingsystem] [           main] com.zaxxer.hikari.pool.HikariPool        : HikariPool-1 - Added connection org.postgresql.jdbc.PgConnection@62b6c045
2024-12-28T19:35:02.971+02:00  INFO 32256 --- [housingsystem] [           main] com.zaxxer.hikari.HikariDataSource       : HikariPool-1 - Start completed.
2024-12-28T19:35:02.987+02:00 DEBUG 32256 --- [housingsystem] [           main] o.s.b.f.s.DefaultListableBeanFactory     : Creating shared instance of singleton bean 'entityManagerFactory'
2024-12-28T19:35:02.987+02:00 DEBUG 32256 --- [housingsystem] [           main] o.s.b.f.s.DefaultListableBeanFactory     : Creating shared instance of singleton bean 'org.springframework.boot.autoconfigure.orm.jpa.HibernateJpaConfiguration'
2024-12-28T19:35:02.988+02:00 DEBUG 32256 --- [housingsystem] [           main] o.s.b.f.s.DefaultListableBeanFactory     : Creating shared instance of singleton bean 'spring.jpa-org.springframework.boot.autoconfigure.orm.jpa.JpaProperties'
2024-12-28T19:35:02.992+02:00 DEBUG 32256 --- [housingsystem] [           main] o.s.b.f.s.DefaultListableBeanFactory     : Creating shared instance of singleton bean 'spring.jpa.hibernate-org.springframework.boot.autoconfigure.orm.jpa.HibernateProperties'
2024-12-28T19:35:02.993+02:00 DEBUG 32256 --- [housingsystem] [           main] o.s.b.f.s.DefaultListableBeanFactory     : Autowiring by type from bean name 'org.springframework.boot.autoconfigure.orm.jpa.HibernateJpaConfiguration' via constructor to bean named 'dataSource'
2024-12-28T19:35:02.993+02:00 DEBUG 32256 --- [housingsystem] [           main] o.s.b.f.s.DefaultListableBeanFactory     : Autowiring by type from bean name 'org.springframework.boot.autoconfigure.orm.jpa.HibernateJpaConfiguration' via constructor to bean named 'spring.jpa-org.springframework.boot.autoconfigure.orm.jpa.JpaProperties'
2024-12-28T19:35:02.993+02:00 DEBUG 32256 --- [housingsystem] [           main] o.s.b.f.s.DefaultListableBeanFactory     : Autowiring by type from bean name 'org.springframework.boot.autoconfigure.orm.jpa.HibernateJpaConfiguration' via constructor to bean named 'org.springframework.beans.factory.support.DefaultListableBeanFactory@2d7e1102'
2024-12-28T19:35:02.993+02:00 DEBUG 32256 --- [housingsystem] [           main] o.s.b.f.s.DefaultListableBeanFactory     : Autowiring by type from bean name 'org.springframework.boot.autoconfigure.orm.jpa.HibernateJpaConfiguration' via constructor to bean named 'spring.jpa.hibernate-org.springframework.boot.autoconfigure.orm.jpa.HibernateProperties'
2024-12-28T19:35:02.995+02:00 DEBUG 32256 --- [housingsystem] [           main] o.s.b.f.s.DefaultListableBeanFactory     : Creating shared instance of singleton bean 'hikariPoolDataSourceMetadataProvider'
2024-12-28T19:35:02.995+02:00 DEBUG 32256 --- [housingsystem] [           main] o.s.b.f.s.DefaultListableBeanFactory     : Creating shared instance of singleton bean 'org.springframework.boot.autoconfigure.jdbc.metadata.DataSourcePoolMetadataProvidersConfiguration$HikariPoolDataSourceMetadataProviderConfiguration'
2024-12-28T19:35:02.998+02:00 DEBUG 32256 --- [housingsystem] [           main] o.s.b.f.s.DefaultListableBeanFactory     : Creating shared instance of singleton bean 'entityManagerFactoryBuilder'
2024-12-28T19:35:02.998+02:00 DEBUG 32256 --- [housingsystem] [           main] o.s.b.f.s.DefaultListableBeanFactory     : Creating shared instance of singleton bean 'jpaVendorAdapter'
2024-12-28T19:35:03.003+02:00 DEBUG 32256 --- [housingsystem] [           main] o.s.b.f.s.DefaultListableBeanFactory     : Autowiring by type from bean name 'entityManagerFactoryBuilder' via factory method to bean named 'jpaVendorAdapter'
2024-12-28T19:35:03.007+02:00 DEBUG 32256 --- [housingsystem] [           main] o.s.b.f.s.DefaultListableBeanFactory     : Creating shared instance of singleton bean 'persistenceManagedTypes'
2024-12-28T19:35:03.008+02:00 DEBUG 32256 --- [housingsystem] [           main] o.s.b.f.s.DefaultListableBeanFactory     : Autowiring by type from bean name 'persistenceManagedTypes' via factory method to bean named 'org.springframework.beans.factory.support.DefaultListableBeanFactory@2d7e1102'
2024-12-28T19:35:03.008+02:00 DEBUG 32256 --- [housingsystem] [           main] o.s.b.f.s.DefaultListableBeanFactory     : Autowiring by type from bean name 'persistenceManagedTypes' via factory method to bean named 'org.springframework.web.context.support.GenericWebApplicationContext@721eb7df'
2024-12-28T19:35:03.012+02:00 DEBUG 32256 --- [housingsystem] [           main] o.s.b.f.s.DefaultListableBeanFactory     : Autowiring by type from bean name 'entityManagerFactory' via factory method to bean named 'entityManagerFactoryBuilder'
2024-12-28T19:35:03.012+02:00 DEBUG 32256 --- [housingsystem] [           main] o.s.b.f.s.DefaultListableBeanFactory     : Autowiring by type from bean name 'entityManagerFactory' via factory method to bean named 'persistenceManagedTypes'
2024-12-28T19:35:03.017+02:00 DEBUG 32256 --- [housingsystem] [           main] j.LocalContainerEntityManagerFactoryBean : Building JPA container EntityManagerFactory for persistence unit 'default'
2024-12-28T19:35:03.024+02:00 DEBUG 32256 --- [housingsystem] [           main] o.hibernate.jpa.internal.util.LogHelper  : PersistenceUnitInfo [
	name: default
	persistence provider classname: null
	classloader: jdk.internal.loader.ClassLoaders$AppClassLoader@639fee48
	excludeUnlistedClasses: true
	JTA datasource: null
	Non JTA datasource: HikariDataSource (HikariPool-1)
	Transaction type: RESOURCE_LOCAL
	PU root URL: file:/home/alexj/Desktop/housingsystem/target/test-classes/
	Shared Cache Mode: UNSPECIFIED
	Validation Mode: AUTO
	Jar files URLs []
	Managed classes names [
		gr.hua.dit.ds.housingsystem.entities.model.AppUser
		gr.hua.dit.ds.housingsystem.entities.model.AvailabilitySlot
		gr.hua.dit.ds.housingsystem.entities.model.Photo
		gr.hua.dit.ds.housingsystem.entities.model.Property
		gr.hua.dit.ds.housingsystem.entities.model.RentalRequest
		gr.hua.dit.ds.housingsystem.entities.model.ViewingRequest]
	Mapping files names []
	Properties []
2024-12-28T19:35:03.028+02:00 DEBUG 32256 --- [housingsystem] [           main] o.h.i.internal.IntegratorServiceImpl     : Adding Integrator [org.hibernate.boot.beanvalidation.BeanValidationIntegrator].
2024-12-28T19:35:03.029+02:00 DEBUG 32256 --- [housingsystem] [           main] o.h.i.internal.IntegratorServiceImpl     : Adding Integrator [org.hibernate.cache.internal.CollectionCacheInvalidator].
2024-12-28T19:35:03.048+02:00  INFO 32256 --- [housingsystem] [           main] org.hibernate.Version                    : HHH000412: Hibernate ORM core version 6.6.2.Final
2024-12-28T19:35:03.049+02:00 DEBUG 32256 --- [housingsystem] [           main] org.hibernate.cfg.Environment            : HHH000206: 'hibernate.properties' not found
2024-12-28T19:35:03.059+02:00 DEBUG 32256 --- [housingsystem] [           main] org.hibernate.orm.idgen.factory          : Registering IdentifierGenerator strategy [uuid2] -> [org.hibernate.id.UUIDGenerator]
2024-12-28T19:35:03.060+02:00 DEBUG 32256 --- [housingsystem] [           main] org.hibernate.orm.idgen.factory          : Registering IdentifierGenerator strategy [guid] -> [org.hibernate.id.GUIDGenerator]
2024-12-28T19:35:03.060+02:00 DEBUG 32256 --- [housingsystem] [           main] org.hibernate.orm.idgen.factory          : Registering IdentifierGenerator strategy [uuid] -> [org.hibernate.id.UUIDHexGenerator]
2024-12-28T19:35:03.060+02:00 DEBUG 32256 --- [housingsystem] [           main] org.hibernate.orm.idgen.factory          : Registering IdentifierGenerator strategy [uuid.hex] -> [org.hibernate.id.UUIDHexGenerator]
2024-12-28T19:35:03.060+02:00 DEBUG 32256 --- [housingsystem] [           main] org.hibernate.orm.idgen.factory          : Registering IdentifierGenerator strategy [assigned] -> [org.hibernate.id.Assigned]
2024-12-28T19:35:03.061+02:00 DEBUG 32256 --- [housingsystem] [           main] org.hibernate.orm.idgen.factory          : Registering IdentifierGenerator strategy [identity] -> [org.hibernate.id.IdentityGenerator]
2024-12-28T19:35:03.061+02:00 DEBUG 32256 --- [housingsystem] [           main] org.hibernate.orm.idgen.factory          : Registering IdentifierGenerator strategy [select] -> [org.hibernate.id.SelectGenerator]
2024-12-28T19:35:03.061+02:00 DEBUG 32256 --- [housingsystem] [           main] org.hibernate.orm.idgen.factory          : Registering IdentifierGenerator strategy [sequence] -> [org.hibernate.id.enhanced.SequenceStyleGenerator]
2024-12-28T19:35:03.062+02:00 DEBUG 32256 --- [housingsystem] [           main] org.hibernate.orm.idgen.factory          : Registering IdentifierGenerator strategy [increment] -> [org.hibernate.id.IncrementGenerator]
2024-12-28T19:35:03.062+02:00 DEBUG 32256 --- [housingsystem] [           main] org.hibernate.orm.idgen.factory          : Registering IdentifierGenerator strategy [foreign] -> [org.hibernate.id.ForeignGenerator]
2024-12-28T19:35:03.062+02:00 DEBUG 32256 --- [housingsystem] [           main] org.hibernate.orm.idgen.factory          : Registering IdentifierGenerator strategy [enhanced-sequence] -> [org.hibernate.id.enhanced.SequenceStyleGenerator]
2024-12-28T19:35:03.062+02:00 DEBUG 32256 --- [housingsystem] [           main] org.hibernate.orm.idgen.factory          : Registering IdentifierGenerator strategy [enhanced-table] -> [org.hibernate.id.enhanced.TableGenerator]
2024-12-28T19:35:03.065+02:00 DEBUG 32256 --- [housingsystem] [           main] o.h.c.internal.RegionFactoryInitiator    : Cannot default RegionFactory based on registered strategies as `[]` RegionFactory strategies were registered
2024-12-28T19:35:03.066+02:00  INFO 32256 --- [housingsystem] [           main] o.h.c.internal.RegionFactoryInitiator    : HHH000026: Second-level cache disabled
2024-12-28T19:35:03.098+02:00 DEBUG 32256 --- [housingsystem] [           main] org.hibernate.type.BasicTypeRegistry     : Adding type registration boolean -> org.hibernate.type.BasicTypeReference@69eb544f
2024-12-28T19:35:03.098+02:00 DEBUG 32256 --- [housingsystem] [           main] org.hibernate.type.BasicTypeRegistry     : Adding type registration boolean -> org.hibernate.type.BasicTypeReference@69eb544f
2024-12-28T19:35:03.098+02:00 DEBUG 32256 --- [housingsystem] [           main] org.hibernate.type.BasicTypeRegistry     : Adding type registration java.lang.Boolean -> org.hibernate.type.BasicTypeReference@69eb544f
2024-12-28T19:35:03.098+02:00 DEBUG 32256 --- [housingsystem] [           main] org.hibernate.type.BasicTypeRegistry     : Adding type registration numeric_boolean -> org.hibernate.type.BasicTypeReference@7cb29ea8
2024-12-28T19:35:03.098+02:00 DEBUG 32256 --- [housingsystem] [           main] org.hibernate.type.BasicTypeRegistry     : Adding type registration org.hibernate.type.NumericBooleanConverter -> org.hibernate.type.BasicTypeReference@7cb29ea8
2024-12-28T19:35:03.098+02:00 DEBUG 32256 --- [housingsystem] [           main] org.hibernate.type.BasicTypeRegistry     : Adding type registration true_false -> org.hibernate.type.BasicTypeReference@b5c902
2024-12-28T19:35:03.098+02:00 DEBUG 32256 --- [housingsystem] [           main] org.hibernate.type.BasicTypeRegistry     : Adding type registration org.hibernate.type.TrueFalseConverter -> org.hibernate.type.BasicTypeReference@b5c902
2024-12-28T19:35:03.098+02:00 DEBUG 32256 --- [housingsystem] [           main] org.hibernate.type.BasicTypeRegistry     : Adding type registration yes_no -> org.hibernate.type.BasicTypeReference@7e747037
2024-12-28T19:35:03.098+02:00 DEBUG 32256 --- [housingsystem] [           main] org.hibernate.type.BasicTypeRegistry     : Adding type registration org.hibernate.type.YesNoConverter -> org.hibernate.type.BasicTypeReference@7e747037
2024-12-28T19:35:03.098+02:00 DEBUG 32256 --- [housingsystem] [           main] org.hibernate.type.BasicTypeRegistry     : Adding type registration byte -> org.hibernate.type.BasicTypeReference@4d0e1a9a
2024-12-28T19:35:03.098+02:00 DEBUG 32256 --- [housingsystem] [           main] org.hibernate.type.BasicTypeRegistry     : Adding type registration byte -> org.hibernate.type.BasicTypeReference@4d0e1a9a
2024-12-28T19:35:03.098+02:00 DEBUG 32256 --- [housingsystem] [           main] org.hibernate.type.BasicTypeRegistry     : Adding type registration java.lang.Byte -> org.hibernate.type.BasicTypeReference@4d0e1a9a
2024-12-28T19:35:03.098+02:00 DEBUG 32256 --- [housingsystem] [           main] org.hibernate.type.BasicTypeRegistry     : Adding type registration binary -> org.hibernate.type.BasicTypeReference@25218a4d
2024-12-28T19:35:03.098+02:00 DEBUG 32256 --- [housingsystem] [           main] org.hibernate.type.BasicTypeRegistry     : Adding type registration byte[] -> org.hibernate.type.BasicTypeReference@25218a4d
2024-12-28T19:35:03.098+02:00 DEBUG 32256 --- [housingsystem] [           main] org.hibernate.type.BasicTypeRegistry     : Adding type registration [B -> org.hibernate.type.BasicTypeReference@25218a4d
2024-12-28T19:35:03.099+02:00 DEBUG 32256 --- [housingsystem] [           main] org.hibernate.type.BasicTypeRegistry     : Adding type registration binary_wrapper -> org.hibernate.type.BasicTypeReference@bf2aa32
2024-12-28T19:35:03.099+02:00 DEBUG 32256 --- [housingsystem] [           main] org.hibernate.type.BasicTypeRegistry     : Adding type registration wrapper-binary -> org.hibernate.type.BasicTypeReference@bf2aa32
2024-12-28T19:35:03.099+02:00 DEBUG 32256 --- [housingsystem] [           main] org.hibernate.type.BasicTypeRegistry     : Adding type registration image -> org.hibernate.type.BasicTypeReference@56da96b3
2024-12-28T19:35:03.099+02:00 DEBUG 32256 --- [housingsystem] [           main] org.hibernate.type.BasicTypeRegistry     : Adding type registration blob -> org.hibernate.type.BasicTypeReference@6b3d9c38
2024-12-28T19:35:03.099+02:00 DEBUG 32256 --- [housingsystem] [           main] org.hibernate.type.BasicTypeRegistry     : Adding type registration java.sql.Blob -> org.hibernate.type.BasicTypeReference@6b3d9c38
2024-12-28T19:35:03.099+02:00 DEBUG 32256 --- [housingsystem] [           main] org.hibernate.type.BasicTypeRegistry     : Adding type registration materialized_blob -> org.hibernate.type.BasicTypeReference@426710f0
2024-12-28T19:35:03.099+02:00 DEBUG 32256 --- [housingsystem] [           main] org.hibernate.type.BasicTypeRegistry     : Adding type registration materialized_blob_wrapper -> org.hibernate.type.BasicTypeReference@5c5a91b4
2024-12-28T19:35:03.099+02:00 DEBUG 32256 --- [housingsystem] [           main] org.hibernate.type.BasicTypeRegistry     : Adding type registration short -> org.hibernate.type.BasicTypeReference@5e37fb82
2024-12-28T19:35:03.099+02:00 DEBUG 32256 --- [housingsystem] [           main] org.hibernate.type.BasicTypeRegistry     : Adding type registration short -> org.hibernate.type.BasicTypeReference@5e37fb82
2024-12-28T19:35:03.099+02:00 DEBUG 32256 --- [housingsystem] [           main] org.hibernate.type.BasicTypeRegistry     : Adding type registration java.lang.Short -> org.hibernate.type.BasicTypeReference@5e37fb82
2024-12-28T19:35:03.099+02:00 DEBUG 32256 --- [housingsystem] [           main] org.hibernate.type.BasicTypeRegistry     : Adding type registration integer -> org.hibernate.type.BasicTypeReference@59ec7020
2024-12-28T19:35:03.099+02:00 DEBUG 32256 --- [housingsystem] [           main] org.hibernate.type.BasicTypeRegistry     : Adding type registration int -> org.hibernate.type.BasicTypeReference@59ec7020
2024-12-28T19:35:03.099+02:00 DEBUG 32256 --- [housingsystem] [           main] org.hibernate.type.BasicTypeRegistry     : Adding type registration java.lang.Integer -> org.hibernate.type.BasicTypeReference@59ec7020
2024-12-28T19:35:03.099+02:00 DEBUG 32256 --- [housingsystem] [           main] org.hibernate.type.BasicTypeRegistry     : Adding type registration long -> org.hibernate.type.BasicTypeReference@23f60b7d
2024-12-28T19:35:03.099+02:00 DEBUG 32256 --- [housingsystem] [           main] org.hibernate.type.BasicTypeRegistry     : Adding type registration long -> org.hibernate.type.BasicTypeReference@23f60b7d
2024-12-28T19:35:03.100+02:00 DEBUG 32256 --- [housingsystem] [           main] org.hibernate.type.BasicTypeRegistry     : Adding type registration java.lang.Long -> org.hibernate.type.BasicTypeReference@23f60b7d
2024-12-28T19:35:03.100+02:00 DEBUG 32256 --- [housingsystem] [           main] org.hibernate.type.BasicTypeRegistry     : Adding type registration float -> org.hibernate.type.BasicTypeReference@2ba9f986
2024-12-28T19:35:03.100+02:00 DEBUG 32256 --- [housingsystem] [           main] org.hibernate.type.BasicTypeRegistry     : Adding type registration float -> org.hibernate.type.BasicTypeReference@2ba9f986
2024-12-28T19:35:03.100+02:00 DEBUG 32256 --- [housingsystem] [           main] org.hibernate.type.BasicTypeRegistry     : Adding type registration java.lang.Float -> org.hibernate.type.BasicTypeReference@2ba9f986
2024-12-28T19:35:03.100+02:00 DEBUG 32256 --- [housingsystem] [           main] org.hibernate.type.BasicTypeRegistry     : Adding type registration double -> org.hibernate.type.BasicTypeReference@4aa3fc9a
2024-12-28T19:35:03.100+02:00 DEBUG 32256 --- [housingsystem] [           main] org.hibernate.type.BasicTypeRegistry     : Adding type registration double -> org.hibernate.type.BasicTypeReference@4aa3fc9a
2024-12-28T19:35:03.100+02:00 DEBUG 32256 --- [housingsystem] [           main] org.hibernate.type.BasicTypeRegistry     : Adding type registration java.lang.Double -> org.hibernate.type.BasicTypeReference@4aa3fc9a
2024-12-28T19:35:03.100+02:00 DEBUG 32256 --- [housingsystem] [           main] org.hibernate.type.BasicTypeRegistry     : Adding type registration big_integer -> org.hibernate.type.BasicTypeReference@70f4f89e
2024-12-28T19:35:03.100+02:00 DEBUG 32256 --- [housingsystem] [           main] org.hibernate.type.BasicTypeRegistry     : Adding type registration java.math.BigInteger -> org.hibernate.type.BasicTypeReference@70f4f89e
2024-12-28T19:35:03.100+02:00 DEBUG 32256 --- [housingsystem] [           main] org.hibernate.type.BasicTypeRegistry     : Adding type registration big_decimal -> org.hibernate.type.BasicTypeReference@634aa81e
2024-12-28T19:35:03.100+02:00 DEBUG 32256 --- [housingsystem] [           main] org.hibernate.type.BasicTypeRegistry     : Adding type registration java.math.BigDecimal -> org.hibernate.type.BasicTypeReference@634aa81e
2024-12-28T19:35:03.100+02:00 DEBUG 32256 --- [housingsystem] [           main] org.hibernate.type.BasicTypeRegistry     : Adding type registration character -> org.hibernate.type.BasicTypeReference@74b1838
2024-12-28T19:35:03.100+02:00 DEBUG 32256 --- [housingsystem] [           main] org.hibernate.type.BasicTypeRegistry     : Adding type registration char -> org.hibernate.type.BasicTypeReference@74b1838
2024-12-28T19:35:03.100+02:00 DEBUG 32256 --- [housingsystem] [           main] org.hibernate.type.BasicTypeRegistry     : Adding type registration java.lang.Character -> org.hibernate.type.BasicTypeReference@74b1838
2024-12-28T19:35:03.100+02:00 DEBUG 32256 --- [housingsystem] [           main] org.hibernate.type.BasicTypeRegistry     : Adding type registration character_nchar -> org.hibernate.type.BasicTypeReference@52d96367
2024-12-28T19:35:03.100+02:00 DEBUG 32256 --- [housingsystem] [           main] org.hibernate.type.BasicTypeRegistry     : Adding type registration string -> org.hibernate.type.BasicTypeReference@5be51aa
2024-12-28T19:35:03.101+02:00 DEBUG 32256 --- [housingsystem] [           main] org.hibernate.type.BasicTypeRegistry     : Adding type registration java.lang.String -> org.hibernate.type.BasicTypeReference@5be51aa
2024-12-28T19:35:03.101+02:00 DEBUG 32256 --- [housingsystem] [           main] org.hibernate.type.BasicTypeRegistry     : Adding type registration nstring -> org.hibernate.type.BasicTypeReference@3302035b
2024-12-28T19:35:03.101+02:00 DEBUG 32256 --- [housingsystem] [           main] org.hibernate.type.BasicTypeRegistry     : Adding type registration characters -> org.hibernate.type.BasicTypeReference@6c5747db
2024-12-28T19:35:03.101+02:00 DEBUG 32256 --- [housingsystem] [           main] org.hibernate.type.BasicTypeRegistry     : Adding type registration char[] -> org.hibernate.type.BasicTypeReference@6c5747db
2024-12-28T19:35:03.101+02:00 DEBUG 32256 --- [housingsystem] [           main] org.hibernate.type.BasicTypeRegistry     : Adding type registration [C -> org.hibernate.type.BasicTypeReference@6c5747db
2024-12-28T19:35:03.101+02:00 DEBUG 32256 --- [housingsystem] [           main] org.hibernate.type.BasicTypeRegistry     : Adding type registration wrapper-characters -> org.hibernate.type.BasicTypeReference@750cd36d
2024-12-28T19:35:03.101+02:00 DEBUG 32256 --- [housingsystem] [           main] org.hibernate.type.BasicTypeRegistry     : Adding type registration text -> org.hibernate.type.BasicTypeReference@2c8ff67
2024-12-28T19:35:03.101+02:00 DEBUG 32256 --- [housingsystem] [           main] org.hibernate.type.BasicTypeRegistry     : Adding type registration ntext -> org.hibernate.type.BasicTypeReference@21733cbe
2024-12-28T19:35:03.101+02:00 DEBUG 32256 --- [housingsystem] [           main] org.hibernate.type.BasicTypeRegistry     : Adding type registration clob -> org.hibernate.type.BasicTypeReference@77ccded4
2024-12-28T19:35:03.101+02:00 DEBUG 32256 --- [housingsystem] [           main] org.hibernate.type.BasicTypeRegistry     : Adding type registration java.sql.Clob -> org.hibernate.type.BasicTypeReference@77ccded4
2024-12-28T19:35:03.101+02:00 DEBUG 32256 --- [housingsystem] [           main] org.hibernate.type.BasicTypeRegistry     : Adding type registration nclob -> org.hibernate.type.BasicTypeReference@64c8fcfb
2024-12-28T19:35:03.101+02:00 DEBUG 32256 --- [housingsystem] [           main] org.hibernate.type.BasicTypeRegistry     : Adding type registration java.sql.NClob -> org.hibernate.type.BasicTypeReference@64c8fcfb
2024-12-28T19:35:03.101+02:00 DEBUG 32256 --- [housingsystem] [           main] org.hibernate.type.BasicTypeRegistry     : Adding type registration materialized_clob -> org.hibernate.type.BasicTypeReference@21be14c2
2024-12-28T19:35:03.101+02:00 DEBUG 32256 --- [housingsystem] [           main] org.hibernate.type.BasicTypeRegistry     : Adding type registration materialized_clob_char_array -> org.hibernate.type.BasicTypeReference@19105a87
2024-12-28T19:35:03.101+02:00 DEBUG 32256 --- [housingsystem] [           main] org.hibernate.type.BasicTypeRegistry     : Adding type registration materialized_clob_character_array -> org.hibernate.type.BasicTypeReference@83b0d0f
2024-12-28T19:35:03.101+02:00 DEBUG 32256 --- [housingsystem] [           main] org.hibernate.type.BasicTypeRegistry     : Adding type registration materialized_nclob -> org.hibernate.type.BasicTypeReference@2bb717d7
2024-12-28T19:35:03.101+02:00 DEBUG 32256 --- [housingsystem] [           main] org.hibernate.type.BasicTypeRegistry     : Adding type registration materialized_nclob_character_array -> org.hibernate.type.BasicTypeReference@7afe0e67
2024-12-28T19:35:03.101+02:00 DEBUG 32256 --- [housingsystem] [           main] org.hibernate.type.BasicTypeRegistry     : Adding type registration materialized_nclob_char_array -> org.hibernate.type.BasicTypeReference@6121a7dd
2024-12-28T19:35:03.101+02:00 DEBUG 32256 --- [housingsystem] [           main] org.hibernate.type.BasicTypeRegistry     : Adding type registration Duration -> org.hibernate.type.BasicTypeReference@31228d83
2024-12-28T19:35:03.101+02:00 DEBUG 32256 --- [housingsystem] [           main] org.hibernate.type.BasicTypeRegistry     : Adding type registration java.time.Duration -> org.hibernate.type.BasicTypeReference@31228d83
2024-12-28T19:35:03.101+02:00 DEBUG 32256 --- [housingsystem] [           main] org.hibernate.type.BasicTypeRegistry     : Adding type registration LocalDateTime -> org.hibernate.type.BasicTypeReference@22b82ddf
2024-12-28T19:35:03.101+02:00 DEBUG 32256 --- [housingsystem] [           main] org.hibernate.type.BasicTypeRegistry     : Adding type registration java.time.LocalDateTime -> org.hibernate.type.BasicTypeReference@22b82ddf
2024-12-28T19:35:03.101+02:00 DEBUG 32256 --- [housingsystem] [           main] org.hibernate.type.BasicTypeRegistry     : Adding type registration LocalDate -> org.hibernate.type.BasicTypeReference@28bf82d9
2024-12-28T19:35:03.102+02:00 DEBUG 32256 --- [housingsystem] [           main] org.hibernate.type.BasicTypeRegistry     : Adding type registration java.time.LocalDate -> org.hibernate.type.BasicTypeReference@28bf82d9
2024-12-28T19:35:03.102+02:00 DEBUG 32256 --- [housingsystem] [           main] org.hibernate.type.BasicTypeRegistry     : Adding type registration LocalTime -> org.hibernate.type.BasicTypeReference@44ccd75c
2024-12-28T19:35:03.102+02:00 DEBUG 32256 --- [housingsystem] [           main] org.hibernate.type.BasicTypeRegistry     : Adding type registration java.time.LocalTime -> org.hibernate.type.BasicTypeReference@44ccd75c
2024-12-28T19:35:03.102+02:00 DEBUG 32256 --- [housingsystem] [           main] org.hibernate.type.BasicTypeRegistry     : Adding type registration OffsetDateTime -> org.hibernate.type.BasicTypeReference@61a704d3
2024-12-28T19:35:03.102+02:00 DEBUG 32256 --- [housingsystem] [           main] org.hibernate.type.BasicTypeRegistry     : Adding type registration java.time.OffsetDateTime -> org.hibernate.type.BasicTypeReference@61a704d3
2024-12-28T19:35:03.102+02:00 DEBUG 32256 --- [housingsystem] [           main] org.hibernate.type.BasicTypeRegistry     : Adding type registration OffsetDateTimeWithTimezone -> org.hibernate.type.BasicTypeReference@2120bed
2024-12-28T19:35:03.102+02:00 DEBUG 32256 --- [housingsystem] [           main] org.hibernate.type.BasicTypeRegistry     : Adding type registration OffsetDateTimeWithoutTimezone -> org.hibernate.type.BasicTypeReference@566fe83c
2024-12-28T19:35:03.102+02:00 DEBUG 32256 --- [housingsystem] [           main] org.hibernate.type.BasicTypeRegistry     : Adding type registration OffsetTime -> org.hibernate.type.BasicTypeReference@743bb39a
2024-12-28T19:35:03.102+02:00 DEBUG 32256 --- [housingsystem] [           main] org.hibernate.type.BasicTypeRegistry     : Adding type registration java.time.OffsetTime -> org.hibernate.type.BasicTypeReference@743bb39a
2024-12-28T19:35:03.102+02:00 DEBUG 32256 --- [housingsystem] [           main] org.hibernate.type.BasicTypeRegistry     : Adding type registration OffsetTimeUtc -> org.hibernate.type.BasicTypeReference@2de3b052
2024-12-28T19:35:03.102+02:00 DEBUG 32256 --- [housingsystem] [           main] org.hibernate.type.BasicTypeRegistry     : Adding type registration OffsetTimeWithTimezone -> org.hibernate.type.BasicTypeReference@3f3c8b60
2024-12-28T19:35:03.102+02:00 DEBUG 32256 --- [housingsystem] [           main] org.hibernate.type.BasicTypeRegistry     : Adding type registration OffsetTimeWithoutTimezone -> org.hibernate.type.BasicTypeReference@16bbaab3
2024-12-28T19:35:03.102+02:00 DEBUG 32256 --- [housingsystem] [           main] org.hibernate.type.BasicTypeRegistry     : Adding type registration ZonedDateTime -> org.hibernate.type.BasicTypeReference@3f357c9d
2024-12-28T19:35:03.102+02:00 DEBUG 32256 --- [housingsystem] [           main] org.hibernate.type.BasicTypeRegistry     : Adding type registration java.time.ZonedDateTime -> org.hibernate.type.BasicTypeReference@3f357c9d
2024-12-28T19:35:03.102+02:00 DEBUG 32256 --- [housingsystem] [           main] org.hibernate.type.BasicTypeRegistry     : Adding type registration ZonedDateTimeWithTimezone -> org.hibernate.type.BasicTypeReference@fe42a09
2024-12-28T19:35:03.102+02:00 DEBUG 32256 --- [housingsystem] [           main] org.hibernate.type.BasicTypeRegistry     : Adding type registration ZonedDateTimeWithoutTimezone -> org.hibernate.type.BasicTypeReference@5458c71e
2024-12-28T19:35:03.102+02:00 DEBUG 32256 --- [housingsystem] [           main] org.hibernate.type.BasicTypeRegistry     : Adding type registration date -> org.hibernate.type.BasicTypeReference@1ffd0114
2024-12-28T19:35:03.102+02:00 DEBUG 32256 --- [housingsystem] [           main] org.hibernate.type.BasicTypeRegistry     : Adding type registration java.sql.Date -> org.hibernate.type.BasicTypeReference@1ffd0114
2024-12-28T19:35:03.102+02:00 DEBUG 32256 --- [housingsystem] [           main] org.hibernate.type.BasicTypeRegistry     : Adding type registration time -> org.hibernate.type.BasicTypeReference@b3857e2
2024-12-28T19:35:03.102+02:00 DEBUG 32256 --- [housingsystem] [           main] org.hibernate.type.BasicTypeRegistry     : Adding type registration java.sql.Time -> org.hibernate.type.BasicTypeReference@b3857e2
2024-12-28T19:35:03.103+02:00 DEBUG 32256 --- [housingsystem] [           main] org.hibernate.type.BasicTypeRegistry     : Adding type registration timestamp -> org.hibernate.type.BasicTypeReference@25a290ee
2024-12-28T19:35:03.103+02:00 DEBUG 32256 --- [housingsystem] [           main] org.hibernate.type.BasicTypeRegistry     : Adding type registration java.sql.Timestamp -> org.hibernate.type.BasicTypeReference@25a290ee
2024-12-28T19:35:03.103+02:00 DEBUG 32256 --- [housingsystem] [           main] org.hibernate.type.BasicTypeRegistry     : Adding type registration java.util.Date -> org.hibernate.type.BasicTypeReference@25a290ee
2024-12-28T19:35:03.103+02:00 DEBUG 32256 --- [housingsystem] [           main] org.hibernate.type.BasicTypeRegistry     : Adding type registration calendar -> org.hibernate.type.BasicTypeReference@37d0d373
2024-12-28T19:35:03.103+02:00 DEBUG 32256 --- [housingsystem] [           main] org.hibernate.type.BasicTypeRegistry     : Adding type registration java.util.Calendar -> org.hibernate.type.BasicTypeReference@37d0d373
2024-12-28T19:35:03.103+02:00 DEBUG 32256 --- [housingsystem] [           main] org.hibernate.type.BasicTypeRegistry     : Adding type registration java.util.GregorianCalendar -> org.hibernate.type.BasicTypeReference@37d0d373
2024-12-28T19:35:03.103+02:00 DEBUG 32256 --- [housingsystem] [           main] org.hibernate.type.BasicTypeRegistry     : Adding type registration calendar_date -> org.hibernate.type.BasicTypeReference@4052913c
2024-12-28T19:35:03.103+02:00 DEBUG 32256 --- [housingsystem] [           main] org.hibernate.type.BasicTypeRegistry     : Adding type registration calendar_time -> org.hibernate.type.BasicTypeReference@38089dae
2024-12-28T19:35:03.103+02:00 DEBUG 32256 --- [housingsystem] [           main] org.hibernate.type.BasicTypeRegistry     : Adding type registration instant -> org.hibernate.type.BasicTypeReference@9729a97
2024-12-28T19:35:03.103+02:00 DEBUG 32256 --- [housingsystem] [           main] org.hibernate.type.BasicTypeRegistry     : Adding type registration java.time.Instant -> org.hibernate.type.BasicTypeReference@9729a97
2024-12-28T19:35:03.103+02:00 DEBUG 32256 --- [housingsystem] [           main] org.hibernate.type.BasicTypeRegistry     : Adding type registration uuid -> org.hibernate.type.BasicTypeReference@5dfd31f4
2024-12-28T19:35:03.103+02:00 DEBUG 32256 --- [housingsystem] [           main] org.hibernate.type.BasicTypeRegistry     : Adding type registration java.util.UUID -> org.hibernate.type.BasicTypeReference@5dfd31f4
2024-12-28T19:35:03.103+02:00 DEBUG 32256 --- [housingsystem] [           main] org.hibernate.type.BasicTypeRegistry     : Adding type registration pg-uuid -> org.hibernate.type.BasicTypeReference@5dfd31f4
2024-12-28T19:35:03.103+02:00 DEBUG 32256 --- [housingsystem] [           main] org.hibernate.type.BasicTypeRegistry     : Adding type registration uuid-binary -> org.hibernate.type.BasicTypeReference@36463b09
2024-12-28T19:35:03.104+02:00 DEBUG 32256 --- [housingsystem] [           main] org.hibernate.type.BasicTypeRegistry     : Adding type registration uuid-char -> org.hibernate.type.BasicTypeReference@4adf3582
2024-12-28T19:35:03.104+02:00 DEBUG 32256 --- [housingsystem] [           main] org.hibernate.type.BasicTypeRegistry     : Adding type registration class -> org.hibernate.type.BasicTypeReference@57e4b86c
2024-12-28T19:35:03.104+02:00 DEBUG 32256 --- [housingsystem] [           main] org.hibernate.type.BasicTypeRegistry     : Adding type registration java.lang.Class -> org.hibernate.type.BasicTypeReference@57e4b86c
2024-12-28T19:35:03.104+02:00 DEBUG 32256 --- [housingsystem] [           main] org.hibernate.type.BasicTypeRegistry     : Adding type registration currency -> org.hibernate.type.BasicTypeReference@632241f5
2024-12-28T19:35:03.104+02:00 DEBUG 32256 --- [housingsystem] [           main] org.hibernate.type.BasicTypeRegistry     : Adding type registration Currency -> org.hibernate.type.BasicTypeReference@632241f5
2024-12-28T19:35:03.104+02:00 DEBUG 32256 --- [housingsystem] [           main] org.hibernate.type.BasicTypeRegistry     : Adding type registration java.util.Currency -> org.hibernate.type.BasicTypeReference@632241f5
2024-12-28T19:35:03.104+02:00 DEBUG 32256 --- [housingsystem] [           main] org.hibernate.type.BasicTypeRegistry     : Adding type registration locale -> org.hibernate.type.BasicTypeReference@64bba0eb
2024-12-28T19:35:03.104+02:00 DEBUG 32256 --- [housingsystem] [           main] org.hibernate.type.BasicTypeRegistry     : Adding type registration java.util.Locale -> org.hibernate.type.BasicTypeReference@64bba0eb
2024-12-28T19:35:03.104+02:00 DEBUG 32256 --- [housingsystem] [           main] org.hibernate.type.BasicTypeRegistry     : Adding type registration serializable -> org.hibernate.type.BasicTypeReference@577bfadb
2024-12-28T19:35:03.104+02:00 DEBUG 32256 --- [housingsystem] [           main] org.hibernate.type.BasicTypeRegistry     : Adding type registration java.io.Serializable -> org.hibernate.type.BasicTypeReference@577bfadb
2024-12-28T19:35:03.104+02:00 DEBUG 32256 --- [housingsystem] [           main] org.hibernate.type.BasicTypeRegistry     : Adding type registration timezone -> org.hibernate.type.BasicTypeReference@25ae1f80
2024-12-28T19:35:03.104+02:00 DEBUG 32256 --- [housingsystem] [           main] org.hibernate.type.BasicTypeRegistry     : Adding type registration java.util.TimeZone -> org.hibernate.type.BasicTypeReference@25ae1f80
2024-12-28T19:35:03.105+02:00 DEBUG 32256 --- [housingsystem] [           main] org.hibernate.type.BasicTypeRegistry     : Adding type registration ZoneOffset -> org.hibernate.type.BasicTypeReference@54f2df29
2024-12-28T19:35:03.105+02:00 DEBUG 32256 --- [housingsystem] [           main] org.hibernate.type.BasicTypeRegistry     : Adding type registration java.time.ZoneOffset -> org.hibernate.type.BasicTypeReference@54f2df29
2024-12-28T19:35:03.105+02:00 DEBUG 32256 --- [housingsystem] [           main] org.hibernate.type.BasicTypeRegistry     : Adding type registration url -> org.hibernate.type.BasicTypeReference@6df791a4
2024-12-28T19:35:03.105+02:00 DEBUG 32256 --- [housingsystem] [           main] org.hibernate.type.BasicTypeRegistry     : Adding type registration java.net.URL -> org.hibernate.type.BasicTypeReference@6df791a4
2024-12-28T19:35:03.105+02:00 DEBUG 32256 --- [housingsystem] [           main] org.hibernate.type.BasicTypeRegistry     : Adding type registration vector -> org.hibernate.type.BasicTypeReference@655203e3
2024-12-28T19:35:03.105+02:00 DEBUG 32256 --- [housingsystem] [           main] org.hibernate.type.BasicTypeRegistry     : Adding type registration float_vector -> org.hibernate.type.BasicTypeReference@305552d6
2024-12-28T19:35:03.105+02:00 DEBUG 32256 --- [housingsystem] [           main] org.hibernate.type.BasicTypeRegistry     : Adding type registration double_vector -> org.hibernate.type.BasicTypeReference@729cd862
2024-12-28T19:35:03.105+02:00 DEBUG 32256 --- [housingsystem] [           main] org.hibernate.type.BasicTypeRegistry     : Adding type registration byte_vector -> org.hibernate.type.BasicTypeReference@23b71d24
2024-12-28T19:35:03.105+02:00 DEBUG 32256 --- [housingsystem] [           main] org.hibernate.type.BasicTypeRegistry     : Adding type registration row_version -> org.hibernate.type.BasicTypeReference@568f4faa
2024-12-28T19:35:03.108+02:00 DEBUG 32256 --- [housingsystem] [           main] org.hibernate.type.BasicTypeRegistry     : Adding type registration object -> org.hibernate.type.JavaObjectType@6d421fe
2024-12-28T19:35:03.109+02:00 DEBUG 32256 --- [housingsystem] [           main] org.hibernate.type.BasicTypeRegistry     : Adding type registration java.lang.Object -> org.hibernate.type.JavaObjectType@6d421fe
2024-12-28T19:35:03.109+02:00 DEBUG 32256 --- [housingsystem] [           main] org.hibernate.type.BasicTypeRegistry     : Adding type registration null -> org.hibernate.type.NullType@30ec211a
2024-12-28T19:35:03.109+02:00 DEBUG 32256 --- [housingsystem] [           main] org.hibernate.type.BasicTypeRegistry     : Adding type registration imm_date -> org.hibernate.type.BasicTypeReference@1ac0cdb0
2024-12-28T19:35:03.109+02:00 DEBUG 32256 --- [housingsystem] [           main] org.hibernate.type.BasicTypeRegistry     : Adding type registration imm_time -> org.hibernate.type.BasicTypeReference@6684f7f2
2024-12-28T19:35:03.109+02:00 DEBUG 32256 --- [housingsystem] [           main] org.hibernate.type.BasicTypeRegistry     : Adding type registration imm_timestamp -> org.hibernate.type.BasicTypeReference@1682e6a
2024-12-28T19:35:03.109+02:00 DEBUG 32256 --- [housingsystem] [           main] org.hibernate.type.BasicTypeRegistry     : Adding type registration imm_calendar -> org.hibernate.type.BasicTypeReference@505d2bac
2024-12-28T19:35:03.109+02:00 DEBUG 32256 --- [housingsystem] [           main] org.hibernate.type.BasicTypeRegistry     : Adding type registration imm_calendar_date -> org.hibernate.type.BasicTypeReference@4cecc15a
2024-12-28T19:35:03.109+02:00 DEBUG 32256 --- [housingsystem] [           main] org.hibernate.type.BasicTypeRegistry     : Adding type registration imm_calendar_time -> org.hibernate.type.BasicTypeReference@d969452
2024-12-28T19:35:03.109+02:00 DEBUG 32256 --- [housingsystem] [           main] org.hibernate.type.BasicTypeRegistry     : Adding type registration imm_binary -> org.hibernate.type.BasicTypeReference@4d4df0f4
2024-12-28T19:35:03.109+02:00 DEBUG 32256 --- [housingsystem] [           main] org.hibernate.type.BasicTypeRegistry     : Adding type registration imm_serializable -> org.hibernate.type.BasicTypeReference@74f4a2ba
2024-12-28T19:35:03.112+02:00 DEBUG 32256 --- [housingsystem] [           main] o.h.boot.internal.BootstrapContextImpl   : Injecting JPA temp ClassLoader [org.springframework.instrument.classloading.SimpleThrowawayClassLoader@2fee69a1] into BootstrapContext; was [null]
2024-12-28T19:35:03.112+02:00 DEBUG 32256 --- [housingsystem] [           main] o.h.boot.internal.ClassLoaderAccessImpl  : ClassLoaderAccessImpl#injectTempClassLoader(org.springframework.instrument.classloading.SimpleThrowawayClassLoader@2fee69a1) [was null]
2024-12-28T19:35:03.112+02:00 DEBUG 32256 --- [housingsystem] [           main] o.h.boot.internal.BootstrapContextImpl   : Injecting ScanEnvironment [org.hibernate.jpa.boot.internal.StandardJpaScanEnvironmentImpl@54329480] into BootstrapContext; was [null]
2024-12-28T19:35:03.112+02:00 DEBUG 32256 --- [housingsystem] [           main] o.h.boot.internal.BootstrapContextImpl   : Injecting ScanOptions [org.hibernate.boot.archive.scan.internal.StandardScanOptions@590013c7] into BootstrapContext; was [org.hibernate.boot.archive.scan.internal.StandardScanOptions@64f32e9e]
2024-12-28T19:35:03.217+02:00  INFO 32256 --- [housingsystem] [           main] o.s.o.j.p.SpringPersistenceUnitInfo      : No LoadTimeWeaver setup: ignoring JPA class transformer
2024-12-28T19:35:03.217+02:00 DEBUG 32256 --- [housingsystem] [           main] o.h.boot.internal.BootstrapContextImpl   : Injecting JPA temp ClassLoader [null] into BootstrapContext; was [org.springframework.instrument.classloading.SimpleThrowawayClassLoader@2fee69a1]
2024-12-28T19:35:03.217+02:00 DEBUG 32256 --- [housingsystem] [           main] o.h.boot.internal.ClassLoaderAccessImpl  : ClassLoaderAccessImpl#injectTempClassLoader(null) [was org.springframework.instrument.classloading.SimpleThrowawayClassLoader@2fee69a1]
2024-12-28T19:35:03.235+02:00 DEBUG 32256 --- [housingsystem] [           main] o.h.e.j.e.i.JdbcEnvironmentInitiator     : Database ->
	   name : PostgreSQL
	version : 16.4 (Debian 16.4-1.pgdg120+2)
	  major : 16
	  minor : 4
2024-12-28T19:35:03.235+02:00 DEBUG 32256 --- [housingsystem] [           main] o.h.e.j.e.i.JdbcEnvironmentInitiator     : Driver ->
	   name : PostgreSQL JDBC Driver
	version : 42.7.4
	  major : 42
	  minor : 7
2024-12-28T19:35:03.235+02:00 DEBUG 32256 --- [housingsystem] [           main] o.h.e.j.e.i.JdbcEnvironmentInitiator     : JDBC version : 4.2
2024-12-28T19:35:03.468+02:00  WARN 32256 --- [housingsystem] [           main] org.hibernate.orm.deprecation            : HHH90000025: PostgreSQLDialect does not need to be specified explicitly using 'hibernate.dialect' (remove the property setting and it will be selected by default)
2024-12-28T19:35:03.469+02:00 DEBUG 32256 --- [housingsystem] [           main] org.hibernate.orm.dialect                : HHH035001: Using dialect: org.hibernate.dialect.PostgreSQLDialect, version: 16.4
2024-12-28T19:35:03.470+02:00 DEBUG 32256 --- [housingsystem] [           main] o.h.e.j.env.spi.IdentifierHelperBuilder  : JDBC driver metadata reported database stores quoted identifiers in neither upper, lower nor mixed case
2024-12-28T19:35:03.880+02:00 DEBUG 32256 --- [housingsystem] [           main] org.hibernate.orm.jdbc.lob               : HHH10010001: Disabling contextual LOB creation as hibernate.jdbc.lob.non_contextual_creation is true
2024-12-28T19:35:03.889+02:00  INFO 32256 --- [housingsystem] [           main] org.hibernate.orm.connections.pooling    : HHH10001005: Database info:
	Database JDBC URL [Connecting through datasource 'HikariDataSource (HikariPool-1)']
	Database driver: undefined/unknown
	Database version: 16.4
	Autocommit mode: undefined/unknown
	Isolation level: undefined/unknown
	Minimum pool size: undefined/unknown
	Maximum pool size: undefined/unknown
2024-12-28T19:35:03.898+02:00 DEBUG 32256 --- [housingsystem] [           main] o.h.t.d.sql.spi.DdlTypeRegistry          : addDescriptor(2003, org.hibernate.type.descriptor.sql.internal.ArrayDdlTypeImpl@1a01ffff) replaced previous registration(org.hibernate.type.descriptor.sql.internal.ArrayDdlTypeImpl@a99c42c)
2024-12-28T19:35:03.898+02:00 DEBUG 32256 --- [housingsystem] [           main] o.h.t.d.sql.spi.DdlTypeRegistry          : addDescriptor(6, org.hibernate.type.descriptor.sql.internal.CapacityDependentDdlType@2fa879ed) replaced previous registration(org.hibernate.type.descriptor.sql.internal.DdlTypeImpl@2b2b7e3c)
2024-12-28T19:35:03.900+02:00 DEBUG 32256 --- [housingsystem] [           main] o.h.t.d.jdbc.spi.JdbcTypeRegistry        : addDescriptor(2004, BlobTypeDescriptor(BLOB_BINDING)) replaced previous registration(BlobTypeDescriptor(DEFAULT))
2024-12-28T19:35:03.900+02:00 DEBUG 32256 --- [housingsystem] [           main] o.h.t.d.jdbc.spi.JdbcTypeRegistry        : addDescriptor(2005, ClobTypeDescriptor(CLOB_BINDING)) replaced previous registration(ClobTypeDescriptor(DEFAULT))
2024-12-28T19:35:03.903+02:00 DEBUG 32256 --- [housingsystem] [           main] org.hibernate.type.BasicTypeRegistry     : Adding type registration JAVA_OBJECT -> org.hibernate.type.JavaObjectType@26270b77
2024-12-28T19:35:03.904+02:00 DEBUG 32256 --- [housingsystem] [           main] org.hibernate.type.BasicTypeRegistry     : Adding type registration java.lang.Object -> org.hibernate.type.JavaObjectType@26270b77
2024-12-28T19:35:03.904+02:00 DEBUG 32256 --- [housingsystem] [           main] org.hibernate.type.BasicTypeRegistry     : Type registration key [java.lang.Object] overrode previous entry : `org.hibernate.type.JavaObjectType@6d421fe`
2024-12-28T19:35:03.905+02:00 DEBUG 32256 --- [housingsystem] [           main] org.hibernate.type.BasicTypeRegistry     : Adding type registration org.hibernate.type.DurationType -> basicType@1(java.time.Duration,3015)
2024-12-28T19:35:03.905+02:00 DEBUG 32256 --- [housingsystem] [           main] org.hibernate.type.BasicTypeRegistry     : Adding type registration Duration -> basicType@1(java.time.Duration,3015)
2024-12-28T19:35:03.905+02:00 DEBUG 32256 --- [housingsystem] [           main] org.hibernate.type.BasicTypeRegistry     : Adding type registration java.time.Duration -> basicType@1(java.time.Duration,3015)
2024-12-28T19:35:03.907+02:00 DEBUG 32256 --- [housingsystem] [           main] org.hibernate.type.BasicTypeRegistry     : Adding type registration org.hibernate.type.OffsetDateTimeType -> basicType@2(java.time.OffsetDateTime,3003)
2024-12-28T19:35:03.907+02:00 DEBUG 32256 --- [housingsystem] [           main] org.hibernate.type.BasicTypeRegistry     : Adding type registration OffsetDateTime -> basicType@2(java.time.OffsetDateTime,3003)
2024-12-28T19:35:03.907+02:00 DEBUG 32256 --- [housingsystem] [           main] org.hibernate.type.BasicTypeRegistry     : Adding type registration java.time.OffsetDateTime -> basicType@2(java.time.OffsetDateTime,3003)
2024-12-28T19:35:03.907+02:00 DEBUG 32256 --- [housingsystem] [           main] org.hibernate.type.BasicTypeRegistry     : Adding type registration org.hibernate.type.ZonedDateTimeType -> basicType@3(java.time.ZonedDateTime,3003)
2024-12-28T19:35:03.907+02:00 DEBUG 32256 --- [housingsystem] [           main] org.hibernate.type.BasicTypeRegistry     : Adding type registration ZonedDateTime -> basicType@3(java.time.ZonedDateTime,3003)
2024-12-28T19:35:03.907+02:00 DEBUG 32256 --- [housingsystem] [           main] org.hibernate.type.BasicTypeRegistry     : Adding type registration java.time.ZonedDateTime -> basicType@3(java.time.ZonedDateTime,3003)
2024-12-28T19:35:03.907+02:00 DEBUG 32256 --- [housingsystem] [           main] org.hibernate.type.BasicTypeRegistry     : Adding type registration org.hibernate.type.OffsetTimeType -> basicType@4(java.time.OffsetTime,3007)
2024-12-28T19:35:03.907+02:00 DEBUG 32256 --- [housingsystem] [           main] org.hibernate.type.BasicTypeRegistry     : Adding type registration OffsetTime -> basicType@4(java.time.OffsetTime,3007)
2024-12-28T19:35:03.907+02:00 DEBUG 32256 --- [housingsystem] [           main] org.hibernate.type.BasicTypeRegistry     : Adding type registration java.time.OffsetTime -> basicType@4(java.time.OffsetTime,3007)
2024-12-28T19:35:03.908+02:00 DEBUG 32256 --- [housingsystem] [           main] o.h.type.spi.TypeConfiguration$Scope     : Scoping TypeConfiguration [org.hibernate.type.spi.TypeConfiguration@5341641d] to MetadataBuildingContext [org.hibernate.boot.internal.MetadataBuildingContextRootImpl@241d1052]
2024-12-28T19:35:03.921+02:00 DEBUG 32256 --- [housingsystem] [           main] o.h.boot.model.relational.Namespace      : Created database namespace [logicalName=Name{catalog=null, schema=null}, physicalName=Name{catalog=null, schema=null}]
2024-12-28T19:35:03.931+02:00 DEBUG 32256 --- [housingsystem] [           main] o.h.boot.model.internal.EntityBinder     : Binding entity from annotated class: gr.hua.dit.ds.housingsystem.entities.model.AppUser
2024-12-28T19:35:03.933+02:00 DEBUG 32256 --- [housingsystem] [           main] o.h.boot.model.internal.EntityBinder     : Import with entity name AppUser
2024-12-28T19:35:03.937+02:00 DEBUG 32256 --- [housingsystem] [           main] o.h.boot.model.internal.EntityBinder     : Bind entity gr.hua.dit.ds.housingsystem.entities.model.AppUser on table app_user
2024-12-28T19:35:03.941+02:00 DEBUG 32256 --- [housingsystem] [           main] o.h.boot.model.internal.AnnotatedColumn  : Binding column: AnnotatedDiscriminatorColumn(column='DTYPE')
2024-12-28T19:35:03.953+02:00 DEBUG 32256 --- [housingsystem] [           main] o.h.boot.model.internal.AnnotatedColumn  : Binding column: AnnotatedColumn()
2024-12-28T19:35:03.953+02:00 DEBUG 32256 --- [housingsystem] [           main] o.h.boot.internal.ClassLoaderAccessImpl  : Not known whether passed class name [gr.hua.dit.ds.housingsystem.entities.model.AppUser] is safe
2024-12-28T19:35:03.953+02:00 DEBUG 32256 --- [housingsystem] [           main] o.h.boot.internal.ClassLoaderAccessImpl  : No temp ClassLoader provided; using live ClassLoader for loading potentially unsafe class : gr.hua.dit.ds.housingsystem.entities.model.AppUser
2024-12-28T19:35:03.955+02:00 DEBUG 32256 --- [housingsystem] [           main] o.h.boot.model.internal.PropertyBinder   : MetadataSourceProcessor property id with lazy=false
2024-12-28T19:35:03.957+02:00 DEBUG 32256 --- [housingsystem] [           main] o.h.b.m.internal.AbstractPropertyHolder  : Attempting to locate auto-apply AttributeConverter for property [gr.hua.dit.ds.housingsystem.entities.model.AppUser:id]
2024-12-28T19:35:03.958+02:00 DEBUG 32256 --- [housingsystem] [           main] o.h.b.model.internal.BasicValueBinder    : building BasicValue for id
2024-12-28T19:35:03.959+02:00 DEBUG 32256 --- [housingsystem] [           main] org.hibernate.mapping.BasicValue         : Skipping column re-registration: app_user.id
2024-12-28T19:35:03.959+02:00 DEBUG 32256 --- [housingsystem] [           main] o.h.boot.model.internal.PropertyBinder   : Building property id
2024-12-28T19:35:03.961+02:00 DEBUG 32256 --- [housingsystem] [           main] o.h.boot.model.internal.BinderHelper     : #makeIdGenerator(BasicValue([Column(id)]), id, identity, , ...)
2024-12-28T19:35:03.963+02:00 DEBUG 32256 --- [housingsystem] [           main] o.h.boot.model.internal.AnnotatedColumn  : Binding column: AnnotatedColumn()
2024-12-28T19:35:03.963+02:00 DEBUG 32256 --- [housingsystem] [           main] o.h.boot.model.internal.PropertyBinder   : MetadataSourceProcessor property afm with lazy=false
2024-12-28T19:35:03.963+02:00 DEBUG 32256 --- [housingsystem] [           main] o.h.b.m.internal.AbstractPropertyHolder  : Attempting to locate auto-apply AttributeConverter for property [gr.hua.dit.ds.housingsystem.entities.model.AppUser:afm]
2024-12-28T19:35:03.963+02:00 DEBUG 32256 --- [housingsystem] [           main] o.h.b.model.internal.BasicValueBinder    : building BasicValue for afm
2024-12-28T19:35:03.963+02:00 DEBUG 32256 --- [housingsystem] [           main] org.hibernate.mapping.BasicValue         : Skipping column re-registration: app_user.afm
2024-12-28T19:35:03.963+02:00 DEBUG 32256 --- [housingsystem] [           main] o.h.boot.model.internal.PropertyBinder   : Building property afm
2024-12-28T19:35:03.964+02:00 DEBUG 32256 --- [housingsystem] [           main] o.h.boot.model.internal.AnnotatedColumn  : Binding column: AnnotatedColumn()
2024-12-28T19:35:03.964+02:00 DEBUG 32256 --- [housingsystem] [           main] o.h.boot.model.internal.PropertyBinder   : MetadataSourceProcessor property approved with lazy=false
2024-12-28T19:35:03.964+02:00 DEBUG 32256 --- [housingsystem] [           main] o.h.b.m.internal.AbstractPropertyHolder  : Attempting to locate auto-apply AttributeConverter for property [gr.hua.dit.ds.housingsystem.entities.model.AppUser:approved]
2024-12-28T19:35:03.964+02:00 DEBUG 32256 --- [housingsystem] [           main] o.h.b.model.internal.BasicValueBinder    : building BasicValue for approved
2024-12-28T19:35:03.964+02:00 DEBUG 32256 --- [housingsystem] [           main] org.hibernate.mapping.BasicValue         : Skipping column re-registration: app_user.approved
2024-12-28T19:35:03.964+02:00 DEBUG 32256 --- [housingsystem] [           main] o.h.boot.model.internal.PropertyBinder   : Building property approved
2024-12-28T19:35:03.964+02:00 DEBUG 32256 --- [housingsystem] [           main] o.h.boot.model.internal.AnnotatedColumn  : Binding column: AnnotatedColumn()
2024-12-28T19:35:03.964+02:00 DEBUG 32256 --- [housingsystem] [           main] o.h.boot.model.internal.PropertyBinder   : MetadataSourceProcessor property email with lazy=false
2024-12-28T19:35:03.964+02:00 DEBUG 32256 --- [housingsystem] [           main] o.h.b.m.internal.AbstractPropertyHolder  : Attempting to locate auto-apply AttributeConverter for property [gr.hua.dit.ds.housingsystem.entities.model.AppUser:email]
2024-12-28T19:35:03.964+02:00 DEBUG 32256 --- [housingsystem] [           main] o.h.b.model.internal.BasicValueBinder    : building BasicValue for email
2024-12-28T19:35:03.964+02:00 DEBUG 32256 --- [housingsystem] [           main] org.hibernate.mapping.BasicValue         : Skipping column re-registration: app_user.email
2024-12-28T19:35:03.964+02:00 DEBUG 32256 --- [housingsystem] [           main] o.h.boot.model.internal.PropertyBinder   : Building property email
2024-12-28T19:35:03.965+02:00 DEBUG 32256 --- [housingsystem] [           main] o.h.boot.model.internal.AnnotatedColumn  : Binding column: AnnotatedColumn()
2024-12-28T19:35:03.965+02:00 DEBUG 32256 --- [housingsystem] [           main] o.h.boot.model.internal.PropertyBinder   : MetadataSourceProcessor property firstName with lazy=false
2024-12-28T19:35:03.965+02:00 DEBUG 32256 --- [housingsystem] [           main] o.h.b.m.internal.AbstractPropertyHolder  : Attempting to locate auto-apply AttributeConverter for property [gr.hua.dit.ds.housingsystem.entities.model.AppUser:firstName]
2024-12-28T19:35:03.965+02:00 DEBUG 32256 --- [housingsystem] [           main] o.h.b.model.internal.BasicValueBinder    : building BasicValue for firstName
[...]
2024-12-28T19:35:16.089+02:00 DEBUG 32256 --- [housingsystem] [           main] org.hibernate.engine.spi.ActionQueue     : Executing identity-insert immediately
2024-12-28T19:35:16.089+02:00 DEBUG 32256 --- [housingsystem] [           main] org.hibernate.SQL                        : insert into rental_request (property_id,status,tenant_id) values (?,?,?)
Hibernate: insert into rental_request (property_id,status,tenant_id) values (?,?,?)
2024-12-28T19:35:16.291+02:00 DEBUG 32256 --- [housingsystem] [           main] org.hibernate.orm.results                : Initializer list is empty
2024-12-28T19:35:16.291+02:00 DEBUG 32256 --- [housingsystem] [           main] o.h.id.IdentifierGeneratorHelper         : Extracted generated values [gr.hua.dit.ds.housingsystem.entities.model.RentalRequest]: [Ljava.lang.Object;@12c21282
2024-12-28T19:35:16.319+02:00 DEBUG 32256 --- [housingsystem] [           main] o.h.e.i.AbstractFlushingEventListener    : Processing flush-time cascades
2024-12-28T19:35:16.320+02:00 DEBUG 32256 --- [housingsystem] [           main] o.h.e.i.AbstractFlushingEventListener    : Dirty checking collections
2024-12-28T19:35:16.328+02:00 DEBUG 32256 --- [housingsystem] [           main] org.hibernate.orm.sql.ast.create         : Created new SQL alias : rr1_0
2024-12-28T19:35:16.328+02:00 DEBUG 32256 --- [housingsystem] [           main] org.hibernate.orm.sql.ast.create         : Registration of TableGroup [StandardTableGroup(gr.hua.dit.ds.housingsystem.entities.model.RentalRequest(27))] with identifierForTableGroup [gr.hua.dit.ds.housingsystem.entities.model.RentalRequest] for NavigablePath [gr.hua.dit.ds.housingsystem.entities.model.RentalRequest] 
2024-12-28T19:35:16.329+02:00 DEBUG 32256 --- [housingsystem] [           main] org.hibernate.orm.sql.ast.create         : Registration of TableGroup [org.hibernate.sql.ast.tree.from.LazyTableGroup@283dd82a] with identifierForTableGroup [gr.hua.dit.ds.housingsystem.entities.model.RentalRequest(27).tenant] for NavigablePath [gr.hua.dit.ds.housingsystem.entities.model.RentalRequest(27).tenant] 
2024-12-28T19:35:16.331+02:00 DEBUG 32256 --- [housingsystem] [           main] org.hibernate.orm.sql.ast.create         : Registration of TableGroup [org.hibernate.sql.ast.tree.from.LazyTableGroup@14f13587] with identifierForTableGroup [gr.hua.dit.ds.housingsystem.entities.model.RentalRequest(27).property] for NavigablePath [gr.hua.dit.ds.housingsystem.entities.model.RentalRequest(27).property] 
2024-12-28T19:35:16.332+02:00 DEBUG 32256 --- [housingsystem] [           main] o.h.q.sqm.sql.BaseSqmToSqlAstConverter   : Determining mapping-model type for SqmParameter : org.hibernate.query.sqm.tree.expression.SqmJpaCriteriaParameterWrapper@5ffdea7c
2024-12-28T19:35:16.332+02:00 DEBUG 32256 --- [housingsystem] [           main] o.h.q.sqm.sql.BaseSqmToSqlAstConverter   : Determining mapping-model type for SqmPath : SqmBasicValuedSimplePath(gr.hua.dit.ds.housingsystem.entities.model.RentalRequest(27).tenant(28).id) 
2024-12-28T19:35:16.335+02:00 DEBUG 32256 --- [housingsystem] [           main] org.hibernate.orm.results.graph.AST      : DomainResult Graph:
 \-EntityResultImpl [gr.hua.dit.ds.housingsystem.entities.model.RentalRequest(27)]
 |  +-EntityFetchSelectImpl [gr.hua.dit.ds.housingsystem.entities.model.RentalRequest(27).property]
 |  +-BasicFetch [gr.hua.dit.ds.housingsystem.entities.model.RentalRequest(27).status]
 |  \-EntityFetchSelectImpl [gr.hua.dit.ds.housingsystem.entities.model.RentalRequest(27).tenant]

2024-12-28T19:35:16.335+02:00 DEBUG 32256 --- [housingsystem] [           main] org.hibernate.orm.sql.ast.tree           : SQL AST Tree:
    SelectStatement {
      FromClause {
        StandardTableGroup (rr1 : gr.hua.dit.ds.housingsystem.entities.model.RentalRequest(27)) {
          primaryTableReference : rental_request as rr1_0
          TableGroupJoins {
            left  join LazyTableGroup (t1 : gr.hua.dit.ds.housingsystem.entities.model.RentalRequest(27).tenant(28)) {
            }
            left  join LazyTableGroup (p1 : gr.hua.dit.ds.housingsystem.entities.model.RentalRequest(27).property) {
            }
          }
        }
      }
    }

2024-12-28T19:35:16.338+02:00 DEBUG 32256 --- [housingsystem] [           main] o.h.e.i.AbstractFlushingEventListener    : Flushed: 0 insertions, 0 updates, 0 deletions to 4 objects
2024-12-28T19:35:16.338+02:00 DEBUG 32256 --- [housingsystem] [           main] o.h.e.i.AbstractFlushingEventListener    : Flushed: 0 (re)creations, 0 updates, 0 removals to 0 collections
2024-12-28T19:35:16.338+02:00 DEBUG 32256 --- [housingsystem] [           main] o.hibernate.internal.util.EntityPrinter  : Listing entities:
2024-12-28T19:35:16.339+02:00 DEBUG 32256 --- [housingsystem] [           main] o.hibernate.internal.util.EntityPrinter  : gr.hua.dit.ds.housingsystem.entities.model.Property{area=Rental Area, owner=gr.hua.dit.ds.housingsystem.entities.model.AppUser#1, amenities=null, squareMeters=100, address=321 Rental St, renovationYear=2020, numberOfRooms=3, photos=null, viewingRequests=null, atak=3213213210, approved=false, price=2000.0, availabilitySlots=null, id=1, category=APARTMENT, floor=3, numberOfBathrooms=2}
2024-12-28T19:35:16.339+02:00 DEBUG 32256 --- [housingsystem] [           main] o.hibernate.internal.util.EntityPrinter  : gr.hua.dit.ds.housingsystem.entities.model.RentalRequest{property=gr.hua.dit.ds.housingsystem.entities.model.Property#1, id=1, tenant=gr.hua.dit.ds.housingsystem.entities.model.AppUser#2, status=PENDING}
2024-12-28T19:35:16.339+02:00 DEBUG 32256 --- [housingsystem] [           main] o.hibernate.internal.util.EntityPrinter  : gr.hua.dit.ds.housingsystem.entities.model.AppUser{lastName=Owner, role=OWNER, afm=1234567898, viewing=null, rental=null, firstName=Rental, approved=false, password=password123, phone=1234567893, idFrontPath=uploads/idProofs/owner-front-id.jpg, idBackPath=uploads/idProofs/owner-back-id.jpg, id=1, email=rentalowner@example.com, username=rentalowner}
2024-12-28T19:35:16.339+02:00 DEBUG 32256 --- [housingsystem] [           main] o.hibernate.internal.util.EntityPrinter  : gr.hua.dit.ds.housingsystem.entities.model.AppUser{lastName=Tenant, role=TENANT, afm=1234567899, viewing=null, rental=null, firstName=Rental, approved=false, password=password123, phone=1234567894, idFrontPath=uploads/idProofs/tenant-front-id.jpg, idBackPath=uploads/idProofs/tenant-back-id.jpg, id=2, email=rentaltenant@example.com, username=rentaltenant}
2024-12-28T19:35:16.342+02:00 DEBUG 32256 --- [housingsystem] [           main] org.hibernate.orm.sql.exec               : Skipping reading Query result cache data: cache-enabled = false, cache-mode = NORMAL
2024-12-28T19:35:16.342+02:00 DEBUG 32256 --- [housingsystem] [           main] org.hibernate.SQL                        : select rr1_0.id,rr1_0.property_id,rr1_0.status,rr1_0.tenant_id from rental_request rr1_0 where rr1_0.tenant_id=?
Hibernate: select rr1_0.id,rr1_0.property_id,rr1_0.status,rr1_0.tenant_id from rental_request rr1_0 where rr1_0.tenant_id=?
2024-12-28T19:35:16.569+02:00 DEBUG 32256 --- [housingsystem] [           main] org.hibernate.orm.results                : Initializer list:
	  gr.hua.dit.ds.housingsystem.entities.model.RentalRequest(27) -> EntityJoinedFetchInitializer(gr.hua.dit.ds.housingsystem.entities.model.RentalRequest(27))@1060195245 (SingleTableEntityPersister(gr.hua.dit.ds.housingsystem.entities.model.RentalRequest))
	  gr.hua.dit.ds.housingsystem.entities.model.RentalRequest(27).property -> EntitySelectFetchInitializer(gr.hua.dit.ds.housingsystem.entities.model.RentalRequest(27).property)@1888486516 (ToOneAttributeMapping(NavigableRole[gr.hua.dit.ds.housingsystem.entities.model.RentalRequest.property])@187708676)
	  gr.hua.dit.ds.housingsystem.entities.model.RentalRequest(27).tenant -> EntitySelectFetchInitializer(gr.hua.dit.ds.housingsystem.entities.model.RentalRequest(27).tenant)@1858551175 (ToOneAttributeMapping(NavigableRole[gr.hua.dit.ds.housingsystem.entities.model.RentalRequest.tenant])@1629169751)

2024-12-28T19:35:16.598+02:00 DEBUG 32256 --- [housingsystem] [           main] o.h.e.i.AbstractFlushingEventListener    : Processing flush-time cascades
2024-12-28T19:35:16.598+02:00 DEBUG 32256 --- [housingsystem] [           main] o.h.e.i.AbstractFlushingEventListener    : Dirty checking collections
2024-12-28T19:35:16.598+02:00 DEBUG 32256 --- [housingsystem] [           main] org.hibernate.orm.sql.ast.create         : Created new SQL alias : rr1_0
2024-12-28T19:35:16.598+02:00 DEBUG 32256 --- [housingsystem] [           main] org.hibernate.orm.sql.ast.create         : Registration of TableGroup [StandardTableGroup(gr.hua.dit.ds.housingsystem.entities.model.RentalRequest(31))] with identifierForTableGroup [gr.hua.dit.ds.housingsystem.entities.model.RentalRequest] for NavigablePath [gr.hua.dit.ds.housingsystem.entities.model.RentalRequest] 
2024-12-28T19:35:16.598+02:00 DEBUG 32256 --- [housingsystem] [           main] org.hibernate.orm.sql.ast.create         : Registration of TableGroup [org.hibernate.sql.ast.tree.from.LazyTableGroup@2c30bedc] with identifierForTableGroup [gr.hua.dit.ds.housingsystem.entities.model.RentalRequest(31).property] for NavigablePath [gr.hua.dit.ds.housingsystem.entities.model.RentalRequest(31).property] 
2024-12-28T19:35:16.598+02:00 DEBUG 32256 --- [housingsystem] [           main] org.hibernate.orm.sql.ast.create         : Registration of TableGroup [org.hibernate.sql.ast.tree.from.LazyTableGroup@7c9be48a] with identifierForTableGroup [gr.hua.dit.ds.housingsystem.entities.model.RentalRequest(31).tenant] for NavigablePath [gr.hua.dit.ds.housingsystem.entities.model.RentalRequest(31).tenant] 
2024-12-28T19:35:16.598+02:00 DEBUG 32256 --- [housingsystem] [           main] o.h.q.sqm.sql.BaseSqmToSqlAstConverter   : Determining mapping-model type for SqmParameter : org.hibernate.query.sqm.tree.expression.SqmJpaCriteriaParameterWrapper@a1a7e28
2024-12-28T19:35:16.598+02:00 DEBUG 32256 --- [housingsystem] [           main] o.h.q.sqm.sql.BaseSqmToSqlAstConverter   : Determining mapping-model type for SqmPath : SqmBasicValuedSimplePath(gr.hua.dit.ds.housingsystem.entities.model.RentalRequest(31).property(32).id) 
2024-12-28T19:35:16.598+02:00 DEBUG 32256 --- [housingsystem] [           main] org.hibernate.orm.results.graph.AST      : DomainResult Graph:
 \-EntityResultImpl [gr.hua.dit.ds.housingsystem.entities.model.RentalRequest(31)]
 |  +-EntityFetchSelectImpl [gr.hua.dit.ds.housingsystem.entities.model.RentalRequest(31).property]
 |  +-BasicFetch [gr.hua.dit.ds.housingsystem.entities.model.RentalRequest(31).status]
 |  \-EntityFetchSelectImpl [gr.hua.dit.ds.housingsystem.entities.model.RentalRequest(31).tenant]

2024-12-28T19:35:16.598+02:00 DEBUG 32256 --- [housingsystem] [           main] org.hibernate.orm.sql.ast.tree           : SQL AST Tree:
    SelectStatement {
      FromClause {
        StandardTableGroup (rr1 : gr.hua.dit.ds.housingsystem.entities.model.RentalRequest(31)) {
          primaryTableReference : rental_request as rr1_0
          TableGroupJoins {
            left  join LazyTableGroup (p1 : gr.hua.dit.ds.housingsystem.entities.model.RentalRequest(31).property(32)) {
            }
            left  join LazyTableGroup (t1 : gr.hua.dit.ds.housingsystem.entities.model.RentalRequest(31).tenant) {
            }
          }
        }
      }
    }

2024-12-28T19:35:16.599+02:00 DEBUG 32256 --- [housingsystem] [           main] o.h.e.i.AbstractFlushingEventListener    : Flushed: 0 insertions, 0 updates, 0 deletions to 4 objects
2024-12-28T19:35:16.599+02:00 DEBUG 32256 --- [housingsystem] [           main] o.h.e.i.AbstractFlushingEventListener    : Flushed: 0 (re)creations, 0 updates, 0 removals to 0 collections
2024-12-28T19:35:16.599+02:00 DEBUG 32256 --- [housingsystem] [           main] o.hibernate.internal.util.EntityPrinter  : Listing entities:
2024-12-28T19:35:16.599+02:00 DEBUG 32256 --- [housingsystem] [           main] o.hibernate.internal.util.EntityPrinter  : gr.hua.dit.ds.housingsystem.entities.model.Property{area=Rental Area, owner=gr.hua.dit.ds.housingsystem.entities.model.AppUser#1, amenities=null, squareMeters=100, address=321 Rental St, renovationYear=2020, numberOfRooms=3, photos=null, viewingRequests=null, atak=3213213210, approved=false, price=2000.0, availabilitySlots=null, id=1, category=APARTMENT, floor=3, numberOfBathrooms=2}
2024-12-28T19:35:16.599+02:00 DEBUG 32256 --- [housingsystem] [           main] o.hibernate.internal.util.EntityPrinter  : gr.hua.dit.ds.housingsystem.entities.model.RentalRequest{property=gr.hua.dit.ds.housingsystem.entities.model.Property#1, id=1, tenant=gr.hua.dit.ds.housingsystem.entities.model.AppUser#2, status=PENDING}
2024-12-28T19:35:16.599+02:00 DEBUG 32256 --- [housingsystem] [           main] o.hibernate.internal.util.EntityPrinter  : gr.hua.dit.ds.housingsystem.entities.model.AppUser{lastName=Owner, role=OWNER, afm=1234567898, viewing=null, rental=null, firstName=Rental, approved=false, password=password123, phone=1234567893, idFrontPath=uploads/idProofs/owner-front-id.jpg, idBackPath=uploads/idProofs/owner-back-id.jpg, id=1, email=rentalowner@example.com, username=rentalowner}
2024-12-28T19:35:16.599+02:00 DEBUG 32256 --- [housingsystem] [           main] o.hibernate.internal.util.EntityPrinter  : gr.hua.dit.ds.housingsystem.entities.model.AppUser{lastName=Tenant, role=TENANT, afm=1234567899, viewing=null, rental=null, firstName=Rental, approved=false, password=password123, phone=1234567894, idFrontPath=uploads/idProofs/tenant-front-id.jpg, idBackPath=uploads/idProofs/tenant-back-id.jpg, id=2, email=rentaltenant@example.com, username=rentaltenant}
2024-12-28T19:35:16.599+02:00 DEBUG 32256 --- [housingsystem] [           main] org.hibernate.orm.sql.exec               : Skipping reading Query result cache data: cache-enabled = false, cache-mode = NORMAL
2024-12-28T19:35:16.599+02:00 DEBUG 32256 --- [housingsystem] [           main] org.hibernate.SQL                        : select rr1_0.id,rr1_0.property_id,rr1_0.status,rr1_0.tenant_id from rental_request rr1_0 where rr1_0.property_id=?
Hibernate: select rr1_0.id,rr1_0.property_id,rr1_0.status,rr1_0.tenant_id from rental_request rr1_0 where rr1_0.property_id=?
2024-12-28T19:35:16.803+02:00 DEBUG 32256 --- [housingsystem] [           main] org.hibernate.orm.results                : Initializer list:
	  gr.hua.dit.ds.housingsystem.entities.model.RentalRequest(31).tenant -> EntitySelectFetchInitializer(gr.hua.dit.ds.housingsystem.entities.model.RentalRequest(31).tenant)@1181810712 (ToOneAttributeMapping(NavigableRole[gr.hua.dit.ds.housingsystem.entities.model.RentalRequest.tenant])@1629169751)
	  gr.hua.dit.ds.housingsystem.entities.model.RentalRequest(31) -> EntityJoinedFetchInitializer(gr.hua.dit.ds.housingsystem.entities.model.RentalRequest(31))@717490079 (SingleTableEntityPersister(gr.hua.dit.ds.housingsystem.entities.model.RentalRequest))
	  gr.hua.dit.ds.housingsystem.entities.model.RentalRequest(31).property -> EntitySelectFetchInitializer(gr.hua.dit.ds.housingsystem.entities.model.RentalRequest(31).property)@1923770880 (ToOneAttributeMapping(NavigableRole[gr.hua.dit.ds.housingsystem.entities.model.RentalRequest.property])@187708676)

2024-12-28T19:35:16.815+02:00 DEBUG 32256 --- [housingsystem] [           main] org.springframework.test.context.cache   : Spring test ApplicationContext cache statistics: [DefaultContextCache@17294e82 size = 1, maxSize = 32, parentContextCount = 0, hitCount = 8, missCount = 1, failureCount = 0]
2024-12-28T19:35:16.817+02:00 DEBUG 32256 --- [housingsystem] [           main] org.springframework.test.context.cache   : Spring test ApplicationContext cache statistics: [DefaultContextCache@17294e82 size = 1, maxSize = 32, parentContextCount = 0, hitCount = 9, missCount = 1, failureCount = 0]
2024-12-28T19:35:16.818+02:00 DEBUG 32256 --- [housingsystem] [           main] org.springframework.test.context.cache   : Spring test ApplicationContext cache statistics: [DefaultContextCache@17294e82 size = 1, maxSize = 32, parentContextCount = 0, hitCount = 10, missCount = 1, failureCount = 0]
2024-12-28T19:35:16.818+02:00 DEBUG 32256 --- [housingsystem] [           main] org.springframework.test.context.cache   : Spring test ApplicationContext cache statistics: [DefaultContextCache@17294e82 size = 1, maxSize = 32, parentContextCount = 0, hitCount = 11, missCount = 1, failureCount = 0]
2024-12-28T19:35:16.819+02:00 DEBUG 32256 --- [housingsystem] [           main] org.springframework.test.context.cache   : Spring test ApplicationContext cache statistics: [DefaultContextCache@17294e82 size = 1, maxSize = 32, parentContextCount = 0, hitCount = 12, missCount = 1, failureCount = 0]
2024-12-28T19:35:16.820+02:00 DEBUG 32256 --- [housingsystem] [           main] org.springframework.test.context.cache   : Spring test ApplicationContext cache statistics: [DefaultContextCache@17294e82 size = 1, maxSize = 32, parentContextCount = 0, hitCount = 13, missCount = 1, failureCount = 0]
2024-12-28T19:35:16.821+02:00 DEBUG 32256 --- [housingsystem] [           main] org.springframework.test.context.cache   : Spring test ApplicationContext cache statistics: [DefaultContextCache@17294e82 size = 1, maxSize = 32, parentContextCount = 0, hitCount = 14, missCount = 1, failureCount = 0]
2024-12-28T19:35:16.821+02:00 DEBUG 32256 --- [housingsystem] [           main] org.springframework.test.context.cache   : Spring test ApplicationContext cache statistics: [DefaultContextCache@17294e82 size = 1, maxSize = 32, parentContextCount = 0, hitCount = 15, missCount = 1, failureCount = 0]
2024-12-28T19:35:16.822+02:00 DEBUG 32256 --- [housingsystem] [           main] o.s.orm.jpa.JpaTransactionManager        : Initiating transaction rollback
2024-12-28T19:35:16.822+02:00 DEBUG 32256 --- [housingsystem] [           main] o.s.orm.jpa.JpaTransactionManager        : Rolling back JPA transaction on EntityManager [SessionImpl(1786466875<open>)]
2024-12-28T19:35:16.822+02:00 DEBUG 32256 --- [housingsystem] [           main] o.h.e.t.internal.TransactionImpl         : rolling back
2024-12-28T19:35:17.026+02:00 DEBUG 32256 --- [housingsystem] [           main] o.s.orm.jpa.JpaTransactionManager        : Closing JPA EntityManager [SessionImpl(1786466875<open>)] after transaction
2024-12-28T19:35:17.026+02:00 DEBUG 32256 --- [housingsystem] [           main] o.s.t.c.transaction.TransactionContext   : Rolled back transaction (1) for test class [gr.hua.dit.ds.housingsystem.repositories.RentalRequestRepositoryTest]; test method [testSaveAndFindRentalRequests]
2024-12-28T19:35:17.026+02:00 DEBUG 32256 --- [housingsystem] [           main] .c.s.DirtiesContextTestExecutionListener : After test method: class [RentalRequestRepositoryTest], method [testSaveAndFindRentalRequests], class annotated with @DirtiesContext [false] with mode [null], method annotated with @DirtiesContext [false] with mode [null]
2024-12-28T19:35:17.026+02:00 DEBUG 32256 --- [housingsystem] [           main] o.s.t.c.w.ServletTestExecutionListener   : Resetting RequestContextHolder for test class gr.hua.dit.ds.housingsystem.repositories.RentalRequestRepositoryTest
]]></system-out>
    <system-err><![CDATA[WARNING: A Java agent has been loaded dynamically (/home/alexj/.m2/repository/net/bytebuddy/byte-buddy-agent/1.15.10/byte-buddy-agent-1.15.10.jar)
WARNING: If a serviceability tool is in use, please run with -XX:+EnableDynamicAgentLoading to hide this warning
WARNING: If a serviceability tool is not in use, please run with -Djdk.instrument.traceUsage for more information
WARNING: Dynamic loading of agents will be disallowed by default in a future release
]]></system-err>
  </testcase>
</testsuite>